[  9%] Built target yolov11_msgs__cpp
[ 12%] Built target yolov11_msgs__rosidl_generator_c
[ 12%] Built target ament_cmake_python_symlink_yolov11_msgs
[ 41%] Built target yolov11_msgs__rosidl_typesupport_introspection_c
[ 41%] Built target yolov11_msgs__rosidl_typesupport_introspection_cpp
[ 45%] Built target yolov11_msgs__rosidl_typesupport_c
[ 54%] Built target yolov11_msgs__rosidl_typesupport_fastrtps_cpp
[ 61%] Built target yolov11_msgs__rosidl_typesupport_cpp
[ 70%] Built target yolov11_msgs__rosidl_typesupport_fastrtps_c
[ 70%] Built target yolov11_msgs
[ 74%] Built target yolov11_msgs__py
[ 80%] Built target yolov11_msgs__rosidl_generator_py
[100%] Built target yolov11_msgs__rosidl_typesupport_fastrtps_c__pyext
[100%] Built target yolov11_msgs__rosidl_typesupport_c__pyext
[100%] Built target yolov11_msgs__rosidl_typesupport_introspection_c__pyext
running egg_info
writing yolov11_msgs.egg-info/PKG-INFO
writing dependency_links to yolov11_msgs.egg-info/dependency_links.txt
writing top-level names to yolov11_msgs.egg-info/top_level.txt
reading manifest file 'yolov11_msgs.egg-info/SOURCES.txt'
writing manifest file 'yolov11_msgs.egg-info/SOURCES.txt'
[100%] Built target ament_cmake_python_build_yolov11_msgs_egg
-- Install configuration: ""
-- Execute custom install script
-- Up-to-date symlink: /home/jaehwan/yolov11/install/yolov11_msgs/share/ament_index/resource_index/rosidl_interfaces/yolov11_msgs
-- Up-to-date symlink: /home/jaehwan/yolov11/install/yolov11_msgs/include/yolov11_msgs/yolov11_msgs/msg/detail/detection__functions.h
-- Up-to-date symlink: /home/jaehwan/yolov11/install/yolov11_msgs/include/yolov11_msgs/yolov11_msgs/msg/detail/detection__struct.h
-- Up-to-date symlink: /home/jaehwan/yolov11/install/yolov11_msgs/include/yolov11_msgs/yolov11_msgs/msg/detail/detection__type_support.h
-- Up-to-date symlink: /home/jaehwan/yolov11/install/yolov11_msgs/include/yolov11_msgs/yolov11_msgs/msg/detection.h
-- Up-to-date symlink: /home/jaehwan/yolov11/install/yolov11_msgs/include/yolov11_msgs/yolov11_msgs/msg/rosidl_generator_c__visibility_control.h
-- Up-to-date symlink: /home/jaehwan/yolov11/install/yolov11_msgs/share/yolov11_msgs/environment/library_path.sh
-- Up-to-date symlink: /home/jaehwan/yolov11/install/yolov11_msgs/share/yolov11_msgs/environment/library_path.dsv
-- Up-to-date symlink: /home/jaehwan/yolov11/install/yolov11_msgs/include/yolov11_msgs/yolov11_msgs/msg/detail/detection__rosidl_typesupport_fastrtps_c.h
-- Up-to-date symlink: /home/jaehwan/yolov11/install/yolov11_msgs/include/yolov11_msgs/yolov11_msgs/msg/rosidl_typesupport_fastrtps_c__visibility_control.h
-- Up-to-date symlink: /home/jaehwan/yolov11/install/yolov11_msgs/include/yolov11_msgs/yolov11_msgs/msg/detail/detection__builder.hpp
-- Up-to-date symlink: /home/jaehwan/yolov11/install/yolov11_msgs/include/yolov11_msgs/yolov11_msgs/msg/detail/detection__struct.hpp
-- Up-to-date symlink: /home/jaehwan/yolov11/install/yolov11_msgs/include/yolov11_msgs/yolov11_msgs/msg/detail/detection__traits.hpp
-- Up-to-date symlink: /home/jaehwan/yolov11/install/yolov11_msgs/include/yolov11_msgs/yolov11_msgs/msg/detail/detection__type_support.hpp
-- Up-to-date symlink: /home/jaehwan/yolov11/install/yolov11_msgs/include/yolov11_msgs/yolov11_msgs/msg/detection.hpp
-- Up-to-date symlink: /home/jaehwan/yolov11/install/yolov11_msgs/include/yolov11_msgs/yolov11_msgs/msg/rosidl_generator_cpp__visibility_control.hpp
-- Up-to-date symlink: /home/jaehwan/yolov11/install/yolov11_msgs/include/yolov11_msgs/yolov11_msgs/msg/detail/detection__rosidl_typesupport_fastrtps_cpp.hpp
-- Up-to-date symlink: /home/jaehwan/yolov11/install/yolov11_msgs/include/yolov11_msgs/yolov11_msgs/msg/rosidl_typesupport_fastrtps_cpp__visibility_control.h
-- Up-to-date symlink: /home/jaehwan/yolov11/install/yolov11_msgs/include/yolov11_msgs/yolov11_msgs/msg/detail/detection__rosidl_typesupport_introspection_c.h
-- Up-to-date symlink: /home/jaehwan/yolov11/install/yolov11_msgs/include/yolov11_msgs/yolov11_msgs/msg/rosidl_typesupport_introspection_c__visibility_control.h
-- Up-to-date symlink: /home/jaehwan/yolov11/install/yolov11_msgs/include/yolov11_msgs/yolov11_msgs/msg/detail/detection__rosidl_typesupport_introspection_cpp.hpp
-- Up-to-date symlink: /home/jaehwan/yolov11/install/yolov11_msgs/share/yolov11_msgs/environment/pythonpath.sh
-- Up-to-date symlink: /home/jaehwan/yolov11/install/yolov11_msgs/share/yolov11_msgs/environment/pythonpath.dsv
-- Up-to-date symlink: /home/jaehwan/yolov11/install/yolov11_msgs/local/lib/python3.10/dist-packages/yolov11_msgs-0.0.1-py3.10.egg-info/PKG-INFO
-- Up-to-date symlink: /home/jaehwan/yolov11/install/yolov11_msgs/local/lib/python3.10/dist-packages/yolov11_msgs-0.0.1-py3.10.egg-info/SOURCES.txt
-- Up-to-date symlink: /home/jaehwan/yolov11/install/yolov11_msgs/local/lib/python3.10/dist-packages/yolov11_msgs-0.0.1-py3.10.egg-info/dependency_links.txt
-- Up-to-date symlink: /home/jaehwan/yolov11/install/yolov11_msgs/local/lib/python3.10/dist-packages/yolov11_msgs-0.0.1-py3.10.egg-info/top_level.txt
-- Up-to-date symlink: /home/jaehwan/yolov11/install/yolov11_msgs/local/lib/python3.10/dist-packages/yolov11_msgs/__init__.py
-- Up-to-date symlink: /home/jaehwan/yolov11/install/yolov11_msgs/local/lib/python3.10/dist-packages/yolov11_msgs/_yolov11_msgs_s.ep.rosidl_typesupport_c.c
-- Up-to-date symlink: /home/jaehwan/yolov11/install/yolov11_msgs/local/lib/python3.10/dist-packages/yolov11_msgs/_yolov11_msgs_s.ep.rosidl_typesupport_fastrtps_c.c
-- Up-to-date symlink: /home/jaehwan/yolov11/install/yolov11_msgs/local/lib/python3.10/dist-packages/yolov11_msgs/_yolov11_msgs_s.ep.rosidl_typesupport_introspection_c.c
-- Up-to-date symlink: /home/jaehwan/yolov11/install/yolov11_msgs/local/lib/python3.10/dist-packages/yolov11_msgs/libyolov11_msgs__rosidl_generator_py.so
-- Up-to-date symlink: /home/jaehwan/yolov11/install/yolov11_msgs/local/lib/python3.10/dist-packages/yolov11_msgs/msg/__init__.py
-- Up-to-date symlink: /home/jaehwan/yolov11/install/yolov11_msgs/local/lib/python3.10/dist-packages/yolov11_msgs/msg/_detection.py
-- Up-to-date symlink: /home/jaehwan/yolov11/install/yolov11_msgs/local/lib/python3.10/dist-packages/yolov11_msgs/msg/_detection_s.c
-- Up-to-date symlink: /home/jaehwan/yolov11/install/yolov11_msgs/local/lib/python3.10/dist-packages/yolov11_msgs/yolov11_msgs_s__rosidl_typesupport_c.cpython-310-x86_64-linux-gnu.so
-- Up-to-date symlink: /home/jaehwan/yolov11/install/yolov11_msgs/local/lib/python3.10/dist-packages/yolov11_msgs/yolov11_msgs_s__rosidl_typesupport_fastrtps_c.cpython-310-x86_64-linux-gnu.so
-- Up-to-date symlink: /home/jaehwan/yolov11/install/yolov11_msgs/local/lib/python3.10/dist-packages/yolov11_msgs/yolov11_msgs_s__rosidl_typesupport_introspection_c.cpython-310-x86_64-linux-gnu.so
-- Up-to-date symlink: /home/jaehwan/yolov11/install/yolov11_msgs/local/lib/python3.10/dist-packages/yolov11_msgs/yolov11_msgs_s__rosidl_typesupport_fastrtps_c.cpython-310-x86_64-linux-gnu.so
-- Up-to-date symlink: /home/jaehwan/yolov11/install/yolov11_msgs/local/lib/python3.10/dist-packages/yolov11_msgs/yolov11_msgs_s__rosidl_typesupport_introspection_c.cpython-310-x86_64-linux-gnu.so
-- Up-to-date symlink: /home/jaehwan/yolov11/install/yolov11_msgs/local/lib/python3.10/dist-packages/yolov11_msgs/yolov11_msgs_s__rosidl_typesupport_c.cpython-310-x86_64-linux-gnu.so
-- Up-to-date symlink: /home/jaehwan/yolov11/install/yolov11_msgs/share/yolov11_msgs/msg/Detection.idl
-- Up-to-date symlink: /home/jaehwan/yolov11/install/yolov11_msgs/share/yolov11_msgs/msg/Detection.msg
-- Up-to-date symlink: /home/jaehwan/yolov11/install/yolov11_msgs/share/ament_index/resource_index/package_run_dependencies/yolov11_msgs
-- Up-to-date symlink: /home/jaehwan/yolov11/install/yolov11_msgs/share/ament_index/resource_index/parent_prefix_path/yolov11_msgs
-- Up-to-date symlink: /home/jaehwan/yolov11/install/yolov11_msgs/share/yolov11_msgs/environment/ament_prefix_path.sh
-- Up-to-date symlink: /home/jaehwan/yolov11/install/yolov11_msgs/share/yolov11_msgs/environment/ament_prefix_path.dsv
-- Up-to-date symlink: /home/jaehwan/yolov11/install/yolov11_msgs/share/yolov11_msgs/environment/path.sh
-- Up-to-date symlink: /home/jaehwan/yolov11/install/yolov11_msgs/share/yolov11_msgs/environment/path.dsv
-- Up-to-date symlink: /home/jaehwan/yolov11/install/yolov11_msgs/share/yolov11_msgs/local_setup.bash
-- Up-to-date symlink: /home/jaehwan/yolov11/install/yolov11_msgs/share/yolov11_msgs/local_setup.sh
-- Up-to-date symlink: /home/jaehwan/yolov11/install/yolov11_msgs/share/yolov11_msgs/local_setup.zsh
-- Up-to-date symlink: /home/jaehwan/yolov11/install/yolov11_msgs/share/yolov11_msgs/local_setup.dsv
-- Symlinking: /home/jaehwan/yolov11/install/yolov11_msgs/share/yolov11_msgs/package.dsv
-- Up-to-date symlink: /home/jaehwan/yolov11/install/yolov11_msgs/share/ament_index/resource_index/packages/yolov11_msgs
-- Up-to-date symlink: /home/jaehwan/yolov11/install/yolov11_msgs/share/yolov11_msgs/cmake/rosidl_cmake-extras.cmake
-- Up-to-date symlink: /home/jaehwan/yolov11/install/yolov11_msgs/share/yolov11_msgs/cmake/ament_cmake_export_dependencies-extras.cmake
-- Up-to-date symlink: /home/jaehwan/yolov11/install/yolov11_msgs/share/yolov11_msgs/cmake/ament_cmake_export_include_directories-extras.cmake
-- Up-to-date symlink: /home/jaehwan/yolov11/install/yolov11_msgs/share/yolov11_msgs/cmake/ament_cmake_export_libraries-extras.cmake
-- Up-to-date symlink: /home/jaehwan/yolov11/install/yolov11_msgs/share/yolov11_msgs/cmake/ament_cmake_export_targets-extras.cmake
-- Up-to-date symlink: /home/jaehwan/yolov11/install/yolov11_msgs/share/yolov11_msgs/cmake/rosidl_cmake_export_typesupport_targets-extras.cmake
-- Up-to-date symlink: /home/jaehwan/yolov11/install/yolov11_msgs/share/yolov11_msgs/cmake/rosidl_cmake_export_typesupport_libraries-extras.cmake
-- Up-to-date symlink: /home/jaehwan/yolov11/install/yolov11_msgs/share/yolov11_msgs/cmake/yolov11_msgsConfig.cmake
-- Up-to-date symlink: /home/jaehwan/yolov11/install/yolov11_msgs/share/yolov11_msgs/cmake/yolov11_msgsConfig-version.cmake
-- Up-to-date symlink: /home/jaehwan/yolov11/install/yolov11_msgs/share/yolov11_msgs/package.xml
-- Up-to-date: /home/jaehwan/yolov11/install/yolov11_msgs/lib/libyolov11_msgs__rosidl_generator_c.so
-- Up-to-date: /home/jaehwan/yolov11/install/yolov11_msgs/lib/libyolov11_msgs__rosidl_typesupport_fastrtps_c.so
-- Up-to-date: /home/jaehwan/yolov11/install/yolov11_msgs/lib/libyolov11_msgs__rosidl_typesupport_fastrtps_cpp.so
-- Up-to-date: /home/jaehwan/yolov11/install/yolov11_msgs/lib/libyolov11_msgs__rosidl_typesupport_introspection_c.so
-- Up-to-date: /home/jaehwan/yolov11/install/yolov11_msgs/lib/libyolov11_msgs__rosidl_typesupport_c.so
-- Up-to-date: /home/jaehwan/yolov11/install/yolov11_msgs/lib/libyolov11_msgs__rosidl_typesupport_introspection_cpp.so
-- Up-to-date: /home/jaehwan/yolov11/install/yolov11_msgs/lib/libyolov11_msgs__rosidl_typesupport_cpp.so
Listing '/home/jaehwan/yolov11/install/yolov11_msgs/local/lib/python3.10/dist-packages/yolov11_msgs'...
Listing '/home/jaehwan/yolov11/install/yolov11_msgs/local/lib/python3.10/dist-packages/yolov11_msgs/msg'...
-- Up-to-date: /home/jaehwan/yolov11/install/yolov11_msgs/lib/libyolov11_msgs__rosidl_generator_py.so
-- Up-to-date: /home/jaehwan/yolov11/install/yolov11_msgs/share/yolov11_msgs/cmake/export_yolov11_msgs__rosidl_generator_cExport.cmake
-- Up-to-date: /home/jaehwan/yolov11/install/yolov11_msgs/share/yolov11_msgs/cmake/export_yolov11_msgs__rosidl_generator_cExport-noconfig.cmake
-- Up-to-date: /home/jaehwan/yolov11/install/yolov11_msgs/share/yolov11_msgs/cmake/export_yolov11_msgs__rosidl_typesupport_fastrtps_cExport.cmake
-- Up-to-date: /home/jaehwan/yolov11/install/yolov11_msgs/share/yolov11_msgs/cmake/export_yolov11_msgs__rosidl_typesupport_fastrtps_cExport-noconfig.cmake
-- Up-to-date: /home/jaehwan/yolov11/install/yolov11_msgs/share/yolov11_msgs/cmake/export_yolov11_msgs__rosidl_generator_cppExport.cmake
-- Up-to-date: /home/jaehwan/yolov11/install/yolov11_msgs/share/yolov11_msgs/cmake/export_yolov11_msgs__rosidl_typesupport_fastrtps_cppExport.cmake
-- Up-to-date: /home/jaehwan/yolov11/install/yolov11_msgs/share/yolov11_msgs/cmake/export_yolov11_msgs__rosidl_typesupport_fastrtps_cppExport-noconfig.cmake
-- Up-to-date: /home/jaehwan/yolov11/install/yolov11_msgs/share/yolov11_msgs/cmake/yolov11_msgs__rosidl_typesupport_introspection_cExport.cmake
-- Up-to-date: /home/jaehwan/yolov11/install/yolov11_msgs/share/yolov11_msgs/cmake/yolov11_msgs__rosidl_typesupport_introspection_cExport-noconfig.cmake
-- Up-to-date: /home/jaehwan/yolov11/install/yolov11_msgs/share/yolov11_msgs/cmake/yolov11_msgs__rosidl_typesupport_cExport.cmake
-- Up-to-date: /home/jaehwan/yolov11/install/yolov11_msgs/share/yolov11_msgs/cmake/yolov11_msgs__rosidl_typesupport_cExport-noconfig.cmake
-- Up-to-date: /home/jaehwan/yolov11/install/yolov11_msgs/share/yolov11_msgs/cmake/yolov11_msgs__rosidl_typesupport_introspection_cppExport.cmake
-- Up-to-date: /home/jaehwan/yolov11/install/yolov11_msgs/share/yolov11_msgs/cmake/yolov11_msgs__rosidl_typesupport_introspection_cppExport-noconfig.cmake
-- Up-to-date: /home/jaehwan/yolov11/install/yolov11_msgs/share/yolov11_msgs/cmake/yolov11_msgs__rosidl_typesupport_cppExport.cmake
-- Up-to-date: /home/jaehwan/yolov11/install/yolov11_msgs/share/yolov11_msgs/cmake/yolov11_msgs__rosidl_typesupport_cppExport-noconfig.cmake
-- Up-to-date: /home/jaehwan/yolov11/install/yolov11_msgs/share/yolov11_msgs/cmake/export_yolov11_msgs__rosidl_generator_pyExport.cmake
-- Up-to-date: /home/jaehwan/yolov11/install/yolov11_msgs/share/yolov11_msgs/cmake/export_yolov11_msgs__rosidl_generator_pyExport-noconfig.cmake
