[0.009s] Invoking command in '/home/jaehwan/yolov11/build/yolov11_msgs': CMAKE_PREFIX_PATH=${CMAKE_PREFIX_PATH}:/home/jaehwan/yolov11/install/yolov11:/opt/ros/humble /usr/bin/cmake --build /home/jaehwan/yolov11/build/yolov11_msgs -- -j12 -l12
[0.047s] [  9%] Built target yolov11_msgs__cpp
[0.047s] [ 12%] Built target yolov11_msgs__rosidl_generator_c
[0.056s] [ 12%] Built target ament_cmake_python_symlink_yolov11_msgs
[0.065s] [ 32%] Built target yolov11_msgs__rosidl_typesupport_cpp
[0.065s] [ 32%] Built target yolov11_msgs__rosidl_typesupport_fastrtps_cpp
[0.067s] [ 41%] Built target yolov11_msgs__rosidl_typesupport_introspection_cpp
[0.075s] [ 64%] Built target yolov11_msgs__rosidl_typesupport_c
[0.075s] [ 64%] Built target yolov11_msgs__rosidl_typesupport_fastrtps_c
[0.075s] [ 70%] Built target yolov11_msgs__rosidl_typesupport_introspection_c
[0.092s] [ 70%] Built target yolov11_msgs
[0.109s] [ 74%] Built target yolov11_msgs__py
[0.128s] [ 80%] Built target yolov11_msgs__rosidl_generator_py
[0.147s] [100%] Built target yolov11_msgs__rosidl_typesupport_introspection_c__pyext
[0.147s] [100%] Built target yolov11_msgs__rosidl_typesupport_c__pyext
[0.147s] [100%] Built target yolov11_msgs__rosidl_typesupport_fastrtps_c__pyext
[0.221s] running egg_info
[0.232s] writing yolov11_msgs.egg-info/PKG-INFO
[0.232s] writing dependency_links to yolov11_msgs.egg-info/dependency_links.txt
[0.232s] writing top-level names to yolov11_msgs.egg-info/top_level.txt
[0.267s] reading manifest file 'yolov11_msgs.egg-info/SOURCES.txt'
[0.268s] writing manifest file 'yolov11_msgs.egg-info/SOURCES.txt'
[0.291s] [100%] Built target ament_cmake_python_build_yolov11_msgs_egg
[0.299s] Invoked command in '/home/jaehwan/yolov11/build/yolov11_msgs' returned '0': CMAKE_PREFIX_PATH=${CMAKE_PREFIX_PATH}:/home/jaehwan/yolov11/install/yolov11:/opt/ros/humble /usr/bin/cmake --build /home/jaehwan/yolov11/build/yolov11_msgs -- -j12 -l12
[0.308s] Invoking command in '/home/jaehwan/yolov11/build/yolov11_msgs': CMAKE_PREFIX_PATH=${CMAKE_PREFIX_PATH}:/home/jaehwan/yolov11/install/yolov11:/opt/ros/humble /usr/bin/cmake --install /home/jaehwan/yolov11/build/yolov11_msgs
[0.314s] -- Install configuration: ""
[0.314s] -- Execute custom install script
[0.314s] -- Up-to-date symlink: /home/jaehwan/yolov11/install/yolov11_msgs/share/ament_index/resource_index/rosidl_interfaces/yolov11_msgs
[0.314s] -- Up-to-date symlink: /home/jaehwan/yolov11/install/yolov11_msgs/include/yolov11_msgs/yolov11_msgs/msg/detail/detection__functions.h
[0.314s] -- Up-to-date symlink: /home/jaehwan/yolov11/install/yolov11_msgs/include/yolov11_msgs/yolov11_msgs/msg/detail/detection__struct.h
[0.314s] -- Up-to-date symlink: /home/jaehwan/yolov11/install/yolov11_msgs/include/yolov11_msgs/yolov11_msgs/msg/detail/detection__type_support.h
[0.314s] -- Up-to-date symlink: /home/jaehwan/yolov11/install/yolov11_msgs/include/yolov11_msgs/yolov11_msgs/msg/detection.h
[0.314s] -- Up-to-date symlink: /home/jaehwan/yolov11/install/yolov11_msgs/include/yolov11_msgs/yolov11_msgs/msg/rosidl_generator_c__visibility_control.h
[0.315s] -- Up-to-date symlink: /home/jaehwan/yolov11/install/yolov11_msgs/share/yolov11_msgs/environment/library_path.sh
[0.315s] -- Up-to-date symlink: /home/jaehwan/yolov11/install/yolov11_msgs/share/yolov11_msgs/environment/library_path.dsv
[0.315s] -- Up-to-date symlink: /home/jaehwan/yolov11/install/yolov11_msgs/include/yolov11_msgs/yolov11_msgs/msg/detail/detection__rosidl_typesupport_fastrtps_c.h
[0.315s] -- Up-to-date symlink: /home/jaehwan/yolov11/install/yolov11_msgs/include/yolov11_msgs/yolov11_msgs/msg/rosidl_typesupport_fastrtps_c__visibility_control.h
[0.315s] -- Up-to-date symlink: /home/jaehwan/yolov11/install/yolov11_msgs/include/yolov11_msgs/yolov11_msgs/msg/detail/detection__builder.hpp
[0.315s] -- Up-to-date symlink: /home/jaehwan/yolov11/install/yolov11_msgs/include/yolov11_msgs/yolov11_msgs/msg/detail/detection__struct.hpp
[0.315s] -- Up-to-date symlink: /home/jaehwan/yolov11/install/yolov11_msgs/include/yolov11_msgs/yolov11_msgs/msg/detail/detection__traits.hpp
[0.315s] -- Up-to-date symlink: /home/jaehwan/yolov11/install/yolov11_msgs/include/yolov11_msgs/yolov11_msgs/msg/detail/detection__type_support.hpp
[0.315s] -- Up-to-date symlink: /home/jaehwan/yolov11/install/yolov11_msgs/include/yolov11_msgs/yolov11_msgs/msg/detection.hpp
[0.315s] -- Up-to-date symlink: /home/jaehwan/yolov11/install/yolov11_msgs/include/yolov11_msgs/yolov11_msgs/msg/rosidl_generator_cpp__visibility_control.hpp
[0.316s] -- Up-to-date symlink: /home/jaehwan/yolov11/install/yolov11_msgs/include/yolov11_msgs/yolov11_msgs/msg/detail/detection__rosidl_typesupport_fastrtps_cpp.hpp
[0.316s] -- Up-to-date symlink: /home/jaehwan/yolov11/install/yolov11_msgs/include/yolov11_msgs/yolov11_msgs/msg/rosidl_typesupport_fastrtps_cpp__visibility_control.h
[0.316s] -- Up-to-date symlink: /home/jaehwan/yolov11/install/yolov11_msgs/include/yolov11_msgs/yolov11_msgs/msg/detail/detection__rosidl_typesupport_introspection_c.h
[0.316s] -- Up-to-date symlink: /home/jaehwan/yolov11/install/yolov11_msgs/include/yolov11_msgs/yolov11_msgs/msg/rosidl_typesupport_introspection_c__visibility_control.h
[0.316s] -- Up-to-date symlink: /home/jaehwan/yolov11/install/yolov11_msgs/include/yolov11_msgs/yolov11_msgs/msg/detail/detection__rosidl_typesupport_introspection_cpp.hpp
[0.317s] -- Up-to-date symlink: /home/jaehwan/yolov11/install/yolov11_msgs/share/yolov11_msgs/environment/pythonpath.sh
[0.317s] -- Up-to-date symlink: /home/jaehwan/yolov11/install/yolov11_msgs/share/yolov11_msgs/environment/pythonpath.dsv
[0.317s] -- Up-to-date symlink: /home/jaehwan/yolov11/install/yolov11_msgs/local/lib/python3.10/dist-packages/yolov11_msgs-0.0.1-py3.10.egg-info/PKG-INFO
[0.317s] -- Up-to-date symlink: /home/jaehwan/yolov11/install/yolov11_msgs/local/lib/python3.10/dist-packages/yolov11_msgs-0.0.1-py3.10.egg-info/SOURCES.txt
[0.317s] -- Up-to-date symlink: /home/jaehwan/yolov11/install/yolov11_msgs/local/lib/python3.10/dist-packages/yolov11_msgs-0.0.1-py3.10.egg-info/dependency_links.txt
[0.317s] -- Up-to-date symlink: /home/jaehwan/yolov11/install/yolov11_msgs/local/lib/python3.10/dist-packages/yolov11_msgs-0.0.1-py3.10.egg-info/top_level.txt
[0.317s] -- Up-to-date symlink: /home/jaehwan/yolov11/install/yolov11_msgs/local/lib/python3.10/dist-packages/yolov11_msgs/__init__.py
[0.317s] -- Up-to-date symlink: /home/jaehwan/yolov11/install/yolov11_msgs/local/lib/python3.10/dist-packages/yolov11_msgs/_yolov11_msgs_s.ep.rosidl_typesupport_c.c
[0.317s] -- Up-to-date symlink: /home/jaehwan/yolov11/install/yolov11_msgs/local/lib/python3.10/dist-packages/yolov11_msgs/_yolov11_msgs_s.ep.rosidl_typesupport_fastrtps_c.c
[0.318s] -- Up-to-date symlink: /home/jaehwan/yolov11/install/yolov11_msgs/local/lib/python3.10/dist-packages/yolov11_msgs/_yolov11_msgs_s.ep.rosidl_typesupport_introspection_c.c
[0.318s] -- Up-to-date symlink: /home/jaehwan/yolov11/install/yolov11_msgs/local/lib/python3.10/dist-packages/yolov11_msgs/libyolov11_msgs__rosidl_generator_py.so
[0.318s] -- Up-to-date symlink: /home/jaehwan/yolov11/install/yolov11_msgs/local/lib/python3.10/dist-packages/yolov11_msgs/msg/__init__.py
[0.318s] -- Up-to-date symlink: /home/jaehwan/yolov11/install/yolov11_msgs/local/lib/python3.10/dist-packages/yolov11_msgs/msg/_detection.py
[0.318s] -- Up-to-date symlink: /home/jaehwan/yolov11/install/yolov11_msgs/local/lib/python3.10/dist-packages/yolov11_msgs/msg/_detection_s.c
[0.318s] -- Up-to-date symlink: /home/jaehwan/yolov11/install/yolov11_msgs/local/lib/python3.10/dist-packages/yolov11_msgs/yolov11_msgs_s__rosidl_typesupport_c.cpython-310-x86_64-linux-gnu.so
[0.318s] -- Up-to-date symlink: /home/jaehwan/yolov11/install/yolov11_msgs/local/lib/python3.10/dist-packages/yolov11_msgs/yolov11_msgs_s__rosidl_typesupport_fastrtps_c.cpython-310-x86_64-linux-gnu.so
[0.318s] -- Up-to-date symlink: /home/jaehwan/yolov11/install/yolov11_msgs/local/lib/python3.10/dist-packages/yolov11_msgs/yolov11_msgs_s__rosidl_typesupport_introspection_c.cpython-310-x86_64-linux-gnu.so
[0.318s] -- Up-to-date symlink: /home/jaehwan/yolov11/install/yolov11_msgs/local/lib/python3.10/dist-packages/yolov11_msgs/yolov11_msgs_s__rosidl_typesupport_fastrtps_c.cpython-310-x86_64-linux-gnu.so
[0.318s] -- Up-to-date symlink: /home/jaehwan/yolov11/install/yolov11_msgs/local/lib/python3.10/dist-packages/yolov11_msgs/yolov11_msgs_s__rosidl_typesupport_introspection_c.cpython-310-x86_64-linux-gnu.so
[0.318s] -- Up-to-date symlink: /home/jaehwan/yolov11/install/yolov11_msgs/local/lib/python3.10/dist-packages/yolov11_msgs/yolov11_msgs_s__rosidl_typesupport_c.cpython-310-x86_64-linux-gnu.so
[0.319s] -- Up-to-date symlink: /home/jaehwan/yolov11/install/yolov11_msgs/share/yolov11_msgs/msg/Detection.idl
[0.319s] -- Up-to-date symlink: /home/jaehwan/yolov11/install/yolov11_msgs/share/yolov11_msgs/msg/Detection.msg
[0.319s] -- Up-to-date symlink: /home/jaehwan/yolov11/install/yolov11_msgs/share/ament_index/resource_index/package_run_dependencies/yolov11_msgs
[0.319s] -- Up-to-date symlink: /home/jaehwan/yolov11/install/yolov11_msgs/share/ament_index/resource_index/parent_prefix_path/yolov11_msgs
[0.319s] -- Up-to-date symlink: /home/jaehwan/yolov11/install/yolov11_msgs/share/yolov11_msgs/environment/ament_prefix_path.sh
[0.319s] -- Up-to-date symlink: /home/jaehwan/yolov11/install/yolov11_msgs/share/yolov11_msgs/environment/ament_prefix_path.dsv
[0.319s] -- Up-to-date symlink: /home/jaehwan/yolov11/install/yolov11_msgs/share/yolov11_msgs/environment/path.sh
[0.319s] -- Up-to-date symlink: /home/jaehwan/yolov11/install/yolov11_msgs/share/yolov11_msgs/environment/path.dsv
[0.319s] -- Up-to-date symlink: /home/jaehwan/yolov11/install/yolov11_msgs/share/yolov11_msgs/local_setup.bash
[0.319s] -- Up-to-date symlink: /home/jaehwan/yolov11/install/yolov11_msgs/share/yolov11_msgs/local_setup.sh
[0.320s] -- Up-to-date symlink: /home/jaehwan/yolov11/install/yolov11_msgs/share/yolov11_msgs/local_setup.zsh
[0.320s] -- Up-to-date symlink: /home/jaehwan/yolov11/install/yolov11_msgs/share/yolov11_msgs/local_setup.dsv
[0.320s] -- Symlinking: /home/jaehwan/yolov11/install/yolov11_msgs/share/yolov11_msgs/package.dsv
[0.327s] -- Up-to-date symlink: /home/jaehwan/yolov11/install/yolov11_msgs/share/ament_index/resource_index/packages/yolov11_msgs
[0.327s] -- Up-to-date symlink: /home/jaehwan/yolov11/install/yolov11_msgs/share/yolov11_msgs/cmake/rosidl_cmake-extras.cmake
[0.327s] -- Up-to-date symlink: /home/jaehwan/yolov11/install/yolov11_msgs/share/yolov11_msgs/cmake/ament_cmake_export_dependencies-extras.cmake
[0.327s] -- Up-to-date symlink: /home/jaehwan/yolov11/install/yolov11_msgs/share/yolov11_msgs/cmake/ament_cmake_export_include_directories-extras.cmake
[0.327s] -- Up-to-date symlink: /home/jaehwan/yolov11/install/yolov11_msgs/share/yolov11_msgs/cmake/ament_cmake_export_libraries-extras.cmake
[0.327s] -- Up-to-date symlink: /home/jaehwan/yolov11/install/yolov11_msgs/share/yolov11_msgs/cmake/ament_cmake_export_targets-extras.cmake
[0.327s] -- Up-to-date symlink: /home/jaehwan/yolov11/install/yolov11_msgs/share/yolov11_msgs/cmake/rosidl_cmake_export_typesupport_targets-extras.cmake
[0.327s] -- Up-to-date symlink: /home/jaehwan/yolov11/install/yolov11_msgs/share/yolov11_msgs/cmake/rosidl_cmake_export_typesupport_libraries-extras.cmake
[0.327s] -- Up-to-date symlink: /home/jaehwan/yolov11/install/yolov11_msgs/share/yolov11_msgs/cmake/yolov11_msgsConfig.cmake
[0.327s] -- Up-to-date symlink: /home/jaehwan/yolov11/install/yolov11_msgs/share/yolov11_msgs/cmake/yolov11_msgsConfig-version.cmake
[0.327s] -- Up-to-date symlink: /home/jaehwan/yolov11/install/yolov11_msgs/share/yolov11_msgs/package.xml
[0.328s] -- Up-to-date: /home/jaehwan/yolov11/install/yolov11_msgs/lib/libyolov11_msgs__rosidl_generator_c.so
[0.328s] -- Up-to-date: /home/jaehwan/yolov11/install/yolov11_msgs/lib/libyolov11_msgs__rosidl_typesupport_fastrtps_c.so
[0.328s] -- Up-to-date: /home/jaehwan/yolov11/install/yolov11_msgs/lib/libyolov11_msgs__rosidl_typesupport_fastrtps_cpp.so
[0.328s] -- Up-to-date: /home/jaehwan/yolov11/install/yolov11_msgs/lib/libyolov11_msgs__rosidl_typesupport_introspection_c.so
[0.328s] -- Up-to-date: /home/jaehwan/yolov11/install/yolov11_msgs/lib/libyolov11_msgs__rosidl_typesupport_c.so
[0.328s] -- Up-to-date: /home/jaehwan/yolov11/install/yolov11_msgs/lib/libyolov11_msgs__rosidl_typesupport_introspection_cpp.so
[0.328s] -- Up-to-date: /home/jaehwan/yolov11/install/yolov11_msgs/lib/libyolov11_msgs__rosidl_typesupport_cpp.so
[0.352s] Listing '/home/jaehwan/yolov11/install/yolov11_msgs/local/lib/python3.10/dist-packages/yolov11_msgs'...
[0.352s] Listing '/home/jaehwan/yolov11/install/yolov11_msgs/local/lib/python3.10/dist-packages/yolov11_msgs/msg'...
[0.356s] -- Up-to-date: /home/jaehwan/yolov11/install/yolov11_msgs/lib/libyolov11_msgs__rosidl_generator_py.so
[0.356s] -- Up-to-date: /home/jaehwan/yolov11/install/yolov11_msgs/share/yolov11_msgs/cmake/export_yolov11_msgs__rosidl_generator_cExport.cmake
[0.356s] -- Up-to-date: /home/jaehwan/yolov11/install/yolov11_msgs/share/yolov11_msgs/cmake/export_yolov11_msgs__rosidl_generator_cExport-noconfig.cmake
[0.356s] -- Up-to-date: /home/jaehwan/yolov11/install/yolov11_msgs/share/yolov11_msgs/cmake/export_yolov11_msgs__rosidl_typesupport_fastrtps_cExport.cmake
[0.356s] -- Up-to-date: /home/jaehwan/yolov11/install/yolov11_msgs/share/yolov11_msgs/cmake/export_yolov11_msgs__rosidl_typesupport_fastrtps_cExport-noconfig.cmake
[0.356s] -- Up-to-date: /home/jaehwan/yolov11/install/yolov11_msgs/share/yolov11_msgs/cmake/export_yolov11_msgs__rosidl_generator_cppExport.cmake
[0.356s] -- Up-to-date: /home/jaehwan/yolov11/install/yolov11_msgs/share/yolov11_msgs/cmake/export_yolov11_msgs__rosidl_typesupport_fastrtps_cppExport.cmake
[0.356s] -- Up-to-date: /home/jaehwan/yolov11/install/yolov11_msgs/share/yolov11_msgs/cmake/export_yolov11_msgs__rosidl_typesupport_fastrtps_cppExport-noconfig.cmake
[0.356s] -- Up-to-date: /home/jaehwan/yolov11/install/yolov11_msgs/share/yolov11_msgs/cmake/yolov11_msgs__rosidl_typesupport_introspection_cExport.cmake
[0.356s] -- Up-to-date: /home/jaehwan/yolov11/install/yolov11_msgs/share/yolov11_msgs/cmake/yolov11_msgs__rosidl_typesupport_introspection_cExport-noconfig.cmake
[0.356s] -- Up-to-date: /home/jaehwan/yolov11/install/yolov11_msgs/share/yolov11_msgs/cmake/yolov11_msgs__rosidl_typesupport_cExport.cmake
[0.356s] -- Up-to-date: /home/jaehwan/yolov11/install/yolov11_msgs/share/yolov11_msgs/cmake/yolov11_msgs__rosidl_typesupport_cExport-noconfig.cmake
[0.356s] -- Up-to-date: /home/jaehwan/yolov11/install/yolov11_msgs/share/yolov11_msgs/cmake/yolov11_msgs__rosidl_typesupport_introspection_cppExport.cmake
[0.356s] -- Up-to-date: /home/jaehwan/yolov11/install/yolov11_msgs/share/yolov11_msgs/cmake/yolov11_msgs__rosidl_typesupport_introspection_cppExport-noconfig.cmake
[0.356s] -- Up-to-date: /home/jaehwan/yolov11/install/yolov11_msgs/share/yolov11_msgs/cmake/yolov11_msgs__rosidl_typesupport_cppExport.cmake
[0.356s] -- Up-to-date: /home/jaehwan/yolov11/install/yolov11_msgs/share/yolov11_msgs/cmake/yolov11_msgs__rosidl_typesupport_cppExport-noconfig.cmake
[0.357s] -- Up-to-date: /home/jaehwan/yolov11/install/yolov11_msgs/share/yolov11_msgs/cmake/export_yolov11_msgs__rosidl_generator_pyExport.cmake
[0.357s] -- Up-to-date: /home/jaehwan/yolov11/install/yolov11_msgs/share/yolov11_msgs/cmake/export_yolov11_msgs__rosidl_generator_pyExport-noconfig.cmake
[0.358s] Invoked command in '/home/jaehwan/yolov11/build/yolov11_msgs' returned '0': CMAKE_PREFIX_PATH=${CMAKE_PREFIX_PATH}:/home/jaehwan/yolov11/install/yolov11:/opt/ros/humble /usr/bin/cmake --install /home/jaehwan/yolov11/build/yolov11_msgs
