[0.006s] Invoking command in '/home/jaehwan/yolov11/build/yolov11_msgs': CMAKE_PREFIX_PATH=/opt/ros/humble /usr/bin/cmake /home/jaehwan/yolov11/src/yolov11_msgs -DAMENT_CMAKE_SYMLINK_INSTALL=1 -DCMAKE_INSTALL_PREFIX=/home/jaehwan/yolov11/install/yolov11_msgs
[0.042s] -- The C compiler identification is GNU 11.4.0
[0.075s] -- The CXX compiler identification is GNU 11.4.0
[0.080s] -- Detecting C compiler ABI info
[0.124s] -- Detecting C compiler ABI info - done
[0.129s] -- Check for working C compiler: /usr/bin/cc - skipped
[0.129s] -- Detecting C compile features
[0.129s] -- Detecting C compile features - done
[0.131s] -- Detecting CXX compiler ABI info
[0.182s] -- Detecting CXX compiler ABI info - done
[0.189s] -- Check for working CXX compiler: /usr/bin/c++ - skipped
[0.189s] -- Detecting CXX compile features
[0.189s] -- Detecting CXX compile features - done
[0.191s] -- Found ament_cmake: 1.3.11 (/opt/ros/humble/share/ament_cmake/cmake)
[0.421s] -- Found Python3: /usr/bin/python3 (found version "3.10.12") found components: Interpreter 
[0.463s] -- Override CMake install command with custom implementation using symlinks instead of copying resources
[0.477s] -- Found std_msgs: 4.2.4 (/opt/ros/humble/share/std_msgs/cmake)
[0.495s] -- Found rosidl_generator_c: 3.1.6 (/opt/ros/humble/share/rosidl_generator_c/cmake)
[0.498s] -- Found rosidl_adapter: 3.1.6 (/opt/ros/humble/share/rosidl_adapter/cmake)
[0.503s] -- Found rosidl_generator_cpp: 3.1.6 (/opt/ros/humble/share/rosidl_generator_cpp/cmake)
[0.511s] -- Using all available rosidl_typesupport_c: rosidl_typesupport_fastrtps_c;rosidl_typesupport_introspection_c
[0.520s] -- Using all available rosidl_typesupport_cpp: rosidl_typesupport_fastrtps_cpp;rosidl_typesupport_introspection_cpp
[0.535s] -- Found rosidl_default_generators: 1.2.0 (/opt/ros/humble/share/rosidl_default_generators/cmake)
[0.722s] -- Found ament_cmake_ros: 0.10.0 (/opt/ros/humble/share/ament_cmake_ros/cmake)
[0.962s] -- Using all available rosidl_typesupport_c: rosidl_typesupport_fastrtps_c;rosidl_typesupport_introspection_c
[1.055s] -- Using all available rosidl_typesupport_cpp: rosidl_typesupport_fastrtps_cpp;rosidl_typesupport_introspection_cpp
[1.071s] -- Found PythonInterp: /usr/bin/python3 (found suitable version "3.10.12", minimum required is "3.6") 
[1.073s] -- Found python_cmake_module: 0.10.0 (/opt/ros/humble/share/python_cmake_module/cmake)
[1.091s] -- Found PythonLibs: /usr/lib/x86_64-linux-gnu/libpython3.10.so (found suitable version "3.10.12", minimum required is "3.5") 
[1.092s] -- Using PYTHON_EXECUTABLE: /usr/bin/python3
[1.092s] -- Using PYTHON_INCLUDE_DIRS: /usr/include/python3.10
[1.092s] -- Using PYTHON_LIBRARIES: /usr/lib/x86_64-linux-gnu/libpython3.10.so
[1.106s] -- Found PythonExtra: .so  
[1.139s] -- Found ament_lint_auto: 0.12.11 (/opt/ros/humble/share/ament_lint_auto/cmake)
[1.151s] -- Configuring done
[1.177s] -- Generating done
[1.187s] -- Build files have been written to: /home/jaehwan/yolov11/build/yolov11_msgs
[1.191s] Invoked command in '/home/jaehwan/yolov11/build/yolov11_msgs' returned '0': CMAKE_PREFIX_PATH=/opt/ros/humble /usr/bin/cmake /home/jaehwan/yolov11/src/yolov11_msgs -DAMENT_CMAKE_SYMLINK_INSTALL=1 -DCMAKE_INSTALL_PREFIX=/home/jaehwan/yolov11/install/yolov11_msgs
[1.193s] Invoking command in '/home/jaehwan/yolov11/build/yolov11_msgs': CMAKE_PREFIX_PATH=/opt/ros/humble /usr/bin/cmake --build /home/jaehwan/yolov11/build/yolov11_msgs -- -j12 -l12
[1.219s] [  3%] [34m[1mGenerating C code for ROS interfaces[0m
[1.226s] [  6%] [34m[1mGenerating C++ code for ROS interfaces[0m
[1.232s] [  6%] Built target ament_cmake_python_symlink_yolov11_msgs
[1.377s] running egg_info
[1.390s] creating yolov11_msgs.egg-info
[1.390s] writing yolov11_msgs.egg-info/PKG-INFO
[1.391s] writing dependency_links to yolov11_msgs.egg-info/dependency_links.txt
[1.391s] writing top-level names to yolov11_msgs.egg-info/top_level.txt
[1.391s] writing manifest file 'yolov11_msgs.egg-info/SOURCES.txt'
[1.398s] [  6%] Built target yolov11_msgs__cpp
[1.405s] [ 16%] [34m[1mGenerating C++ type support for eProsima Fast-RTPS[0m
[1.405s] [ 16%] [34m[1mGenerating C++ introspection for ROS interfaces[0m
[1.405s] [ 16%] [34m[1mGenerating C++ type support dispatch for ROS interfaces[0m
[1.410s] [ 19%] [32mBuilding C object CMakeFiles/yolov11_msgs__rosidl_generator_c.dir/rosidl_generator_c/yolov11_msgs/msg/detail/detection__functions.c.o[0m
[1.428s] reading manifest file 'yolov11_msgs.egg-info/SOURCES.txt'
[1.429s] writing manifest file 'yolov11_msgs.egg-info/SOURCES.txt'
[1.460s] [ 19%] Built target ament_cmake_python_build_yolov11_msgs_egg
[1.462s] [ 22%] [32m[1mLinking C shared library libyolov11_msgs__rosidl_generator_c.so[0m
[1.488s] [ 22%] Built target yolov11_msgs__rosidl_generator_c
[1.496s] [ 32%] [34m[1mGenerating C type support dispatch for ROS interfaces[0m
[1.496s] [ 32%] [34m[1mGenerating C type support for eProsima Fast-RTPS[0m
[1.496s] [ 32%] [34m[1mGenerating C introspection for ROS interfaces[0m
[1.579s] [ 35%] [32mBuilding CXX object CMakeFiles/yolov11_msgs__rosidl_typesupport_cpp.dir/rosidl_typesupport_cpp/yolov11_msgs/msg/detection__type_support.cpp.o[0m
[1.592s] [ 38%] [32mBuilding CXX object CMakeFiles/yolov11_msgs__rosidl_typesupport_introspection_cpp.dir/rosidl_typesupport_introspection_cpp/yolov11_msgs/msg/detail/detection__type_support.cpp.o[0m
[1.600s] [ 41%] [32mBuilding CXX object CMakeFiles/yolov11_msgs__rosidl_typesupport_fastrtps_cpp.dir/rosidl_typesupport_fastrtps_cpp/yolov11_msgs/msg/detail/dds_fastrtps/detection__type_support.cpp.o[0m
[1.674s] [ 45%] [32mBuilding CXX object CMakeFiles/yolov11_msgs__rosidl_typesupport_c.dir/rosidl_typesupport_c/yolov11_msgs/msg/detection__type_support.cpp.o[0m
[1.691s] [ 48%] [32mBuilding C object CMakeFiles/yolov11_msgs__rosidl_typesupport_introspection_c.dir/rosidl_typesupport_introspection_c/yolov11_msgs/msg/detail/detection__type_support.c.o[0m
[1.693s] [ 51%] [32mBuilding CXX object CMakeFiles/yolov11_msgs__rosidl_typesupport_fastrtps_c.dir/rosidl_typesupport_fastrtps_c/yolov11_msgs/msg/detail/detection__type_support_c.cpp.o[0m
[1.698s] [ 54%] [32m[1mLinking CXX shared library libyolov11_msgs__rosidl_typesupport_c.so[0m
[1.717s] [ 58%] [32m[1mLinking C shared library libyolov11_msgs__rosidl_typesupport_introspection_c.so[0m
[1.732s] [ 58%] Built target yolov11_msgs__rosidl_typesupport_c
[1.742s] [ 58%] Built target yolov11_msgs__rosidl_typesupport_introspection_c
[1.791s] [ 61%] [32m[1mLinking CXX shared library libyolov11_msgs__rosidl_typesupport_cpp.so[0m
[1.822s] [ 61%] Built target yolov11_msgs__rosidl_typesupport_cpp
[1.872s] [ 64%] [32m[1mLinking CXX shared library libyolov11_msgs__rosidl_typesupport_introspection_cpp.so[0m
[1.886s] [ 67%] [32m[1mLinking CXX shared library libyolov11_msgs__rosidl_typesupport_fastrtps_cpp.so[0m
[1.919s] [ 67%] Built target yolov11_msgs__rosidl_typesupport_introspection_cpp
[1.929s] [ 70%] [32m[1mLinking CXX shared library libyolov11_msgs__rosidl_typesupport_fastrtps_c.so[0m
[1.943s] [ 70%] Built target yolov11_msgs__rosidl_typesupport_fastrtps_cpp
[1.977s] [ 70%] Built target yolov11_msgs__rosidl_typesupport_fastrtps_c
[1.990s] [ 70%] Built target yolov11_msgs
[2.003s] [ 74%] [34m[1mGenerating Python code for ROS interfaces[0m
[2.223s] [ 74%] Built target yolov11_msgs__py
[2.237s] [ 77%] [32mBuilding C object CMakeFiles/yolov11_msgs__rosidl_generator_py.dir/rosidl_generator_py/yolov11_msgs/msg/_detection_s.c.o[0m
[2.323s] [ 80%] [32m[1mLinking C shared library rosidl_generator_py/yolov11_msgs/libyolov11_msgs__rosidl_generator_py.so[0m
[2.351s] [ 80%] Built target yolov11_msgs__rosidl_generator_py
[2.366s] [ 90%] [32mBuilding C object CMakeFiles/yolov11_msgs__rosidl_typesupport_fastrtps_c__pyext.dir/rosidl_generator_py/yolov11_msgs/_yolov11_msgs_s.ep.rosidl_typesupport_fastrtps_c.c.o[0m
[2.366s] [ 90%] [32mBuilding C object CMakeFiles/yolov11_msgs__rosidl_typesupport_introspection_c__pyext.dir/rosidl_generator_py/yolov11_msgs/_yolov11_msgs_s.ep.rosidl_typesupport_introspection_c.c.o[0m
[2.366s] [ 90%] [32mBuilding C object CMakeFiles/yolov11_msgs__rosidl_typesupport_c__pyext.dir/rosidl_generator_py/yolov11_msgs/_yolov11_msgs_s.ep.rosidl_typesupport_c.c.o[0m
[2.430s] [100%] [32m[1mLinking C shared library rosidl_generator_py/yolov11_msgs/yolov11_msgs_s__rosidl_typesupport_fastrtps_c.cpython-310-x86_64-linux-gnu.so[0m
[2.430s] [100%] [32m[1mLinking C shared library rosidl_generator_py/yolov11_msgs/yolov11_msgs_s__rosidl_typesupport_introspection_c.cpython-310-x86_64-linux-gnu.so[0m
[2.430s] [100%] [32m[1mLinking C shared library rosidl_generator_py/yolov11_msgs/yolov11_msgs_s__rosidl_typesupport_c.cpython-310-x86_64-linux-gnu.so[0m
[2.458s] [100%] Built target yolov11_msgs__rosidl_typesupport_c__pyext
[2.459s] [100%] Built target yolov11_msgs__rosidl_typesupport_introspection_c__pyext
[2.459s] [100%] Built target yolov11_msgs__rosidl_typesupport_fastrtps_c__pyext
[2.467s] Invoked command in '/home/jaehwan/yolov11/build/yolov11_msgs' returned '0': CMAKE_PREFIX_PATH=/opt/ros/humble /usr/bin/cmake --build /home/jaehwan/yolov11/build/yolov11_msgs -- -j12 -l12
[2.474s] Invoking command in '/home/jaehwan/yolov11/build/yolov11_msgs': CMAKE_PREFIX_PATH=/opt/ros/humble /usr/bin/cmake --install /home/jaehwan/yolov11/build/yolov11_msgs
[2.479s] -- Install configuration: ""
[2.479s] -- Execute custom install script
[2.480s] -- Symlinking: /home/jaehwan/yolov11/install/yolov11_msgs/share/ament_index/resource_index/rosidl_interfaces/yolov11_msgs
[2.486s] -- Symlinking: /home/jaehwan/yolov11/install/yolov11_msgs/include/yolov11_msgs/yolov11_msgs/msg/detail/detection__functions.h
[2.491s] -- Symlinking: /home/jaehwan/yolov11/install/yolov11_msgs/include/yolov11_msgs/yolov11_msgs/msg/detail/detection__struct.h
[2.497s] -- Symlinking: /home/jaehwan/yolov11/install/yolov11_msgs/include/yolov11_msgs/yolov11_msgs/msg/detail/detection__type_support.h
[2.503s] -- Symlinking: /home/jaehwan/yolov11/install/yolov11_msgs/include/yolov11_msgs/yolov11_msgs/msg/detection.h
[2.515s] -- Symlinking: /home/jaehwan/yolov11/install/yolov11_msgs/include/yolov11_msgs/yolov11_msgs/msg/rosidl_generator_c__visibility_control.h
[2.520s] -- Symlinking: /home/jaehwan/yolov11/install/yolov11_msgs/share/yolov11_msgs/environment/library_path.sh
[2.526s] -- Symlinking: /home/jaehwan/yolov11/install/yolov11_msgs/share/yolov11_msgs/environment/library_path.dsv
[2.532s] -- Symlinking: /home/jaehwan/yolov11/install/yolov11_msgs/include/yolov11_msgs/yolov11_msgs/msg/detail/detection__rosidl_typesupport_fastrtps_c.h
[2.538s] -- Symlinking: /home/jaehwan/yolov11/install/yolov11_msgs/include/yolov11_msgs/yolov11_msgs/msg/rosidl_typesupport_fastrtps_c__visibility_control.h
[2.544s] -- Symlinking: /home/jaehwan/yolov11/install/yolov11_msgs/include/yolov11_msgs/yolov11_msgs/msg/detail/detection__builder.hpp
[2.549s] -- Symlinking: /home/jaehwan/yolov11/install/yolov11_msgs/include/yolov11_msgs/yolov11_msgs/msg/detail/detection__struct.hpp
[2.555s] -- Symlinking: /home/jaehwan/yolov11/install/yolov11_msgs/include/yolov11_msgs/yolov11_msgs/msg/detail/detection__traits.hpp
[2.560s] -- Symlinking: /home/jaehwan/yolov11/install/yolov11_msgs/include/yolov11_msgs/yolov11_msgs/msg/detail/detection__type_support.hpp
[2.566s] -- Symlinking: /home/jaehwan/yolov11/install/yolov11_msgs/include/yolov11_msgs/yolov11_msgs/msg/detection.hpp
[2.571s] -- Symlinking: /home/jaehwan/yolov11/install/yolov11_msgs/include/yolov11_msgs/yolov11_msgs/msg/rosidl_generator_cpp__visibility_control.hpp
[2.577s] -- Symlinking: /home/jaehwan/yolov11/install/yolov11_msgs/include/yolov11_msgs/yolov11_msgs/msg/detail/detection__rosidl_typesupport_fastrtps_cpp.hpp
[2.582s] -- Symlinking: /home/jaehwan/yolov11/install/yolov11_msgs/include/yolov11_msgs/yolov11_msgs/msg/rosidl_typesupport_fastrtps_cpp__visibility_control.h
[2.587s] -- Symlinking: /home/jaehwan/yolov11/install/yolov11_msgs/include/yolov11_msgs/yolov11_msgs/msg/detail/detection__rosidl_typesupport_introspection_c.h
[2.593s] -- Symlinking: /home/jaehwan/yolov11/install/yolov11_msgs/include/yolov11_msgs/yolov11_msgs/msg/rosidl_typesupport_introspection_c__visibility_control.h
[2.598s] -- Symlinking: /home/jaehwan/yolov11/install/yolov11_msgs/include/yolov11_msgs/yolov11_msgs/msg/detail/detection__rosidl_typesupport_introspection_cpp.hpp
[2.604s] -- Symlinking: /home/jaehwan/yolov11/install/yolov11_msgs/share/yolov11_msgs/environment/pythonpath.sh
[2.609s] -- Symlinking: /home/jaehwan/yolov11/install/yolov11_msgs/share/yolov11_msgs/environment/pythonpath.dsv
[2.615s] -- Symlinking: /home/jaehwan/yolov11/install/yolov11_msgs/local/lib/python3.10/dist-packages/yolov11_msgs-0.0.1-py3.10.egg-info/PKG-INFO
[2.620s] -- Symlinking: /home/jaehwan/yolov11/install/yolov11_msgs/local/lib/python3.10/dist-packages/yolov11_msgs-0.0.1-py3.10.egg-info/SOURCES.txt
[2.625s] -- Symlinking: /home/jaehwan/yolov11/install/yolov11_msgs/local/lib/python3.10/dist-packages/yolov11_msgs-0.0.1-py3.10.egg-info/dependency_links.txt
[2.631s] -- Symlinking: /home/jaehwan/yolov11/install/yolov11_msgs/local/lib/python3.10/dist-packages/yolov11_msgs-0.0.1-py3.10.egg-info/top_level.txt
[2.638s] -- Symlinking: /home/jaehwan/yolov11/install/yolov11_msgs/local/lib/python3.10/dist-packages/yolov11_msgs/__init__.py
[2.644s] -- Symlinking: /home/jaehwan/yolov11/install/yolov11_msgs/local/lib/python3.10/dist-packages/yolov11_msgs/_yolov11_msgs_s.ep.rosidl_typesupport_c.c
[2.649s] -- Symlinking: /home/jaehwan/yolov11/install/yolov11_msgs/local/lib/python3.10/dist-packages/yolov11_msgs/_yolov11_msgs_s.ep.rosidl_typesupport_fastrtps_c.c
[2.655s] -- Symlinking: /home/jaehwan/yolov11/install/yolov11_msgs/local/lib/python3.10/dist-packages/yolov11_msgs/_yolov11_msgs_s.ep.rosidl_typesupport_introspection_c.c
[2.660s] -- Symlinking: /home/jaehwan/yolov11/install/yolov11_msgs/local/lib/python3.10/dist-packages/yolov11_msgs/libyolov11_msgs__rosidl_generator_py.so
[2.665s] -- Symlinking: /home/jaehwan/yolov11/install/yolov11_msgs/local/lib/python3.10/dist-packages/yolov11_msgs/msg/__init__.py
[2.671s] -- Symlinking: /home/jaehwan/yolov11/install/yolov11_msgs/local/lib/python3.10/dist-packages/yolov11_msgs/msg/_detection.py
[2.676s] -- Symlinking: /home/jaehwan/yolov11/install/yolov11_msgs/local/lib/python3.10/dist-packages/yolov11_msgs/msg/_detection_s.c
[2.681s] -- Symlinking: /home/jaehwan/yolov11/install/yolov11_msgs/local/lib/python3.10/dist-packages/yolov11_msgs/yolov11_msgs_s__rosidl_typesupport_c.cpython-310-x86_64-linux-gnu.so
[2.687s] -- Symlinking: /home/jaehwan/yolov11/install/yolov11_msgs/local/lib/python3.10/dist-packages/yolov11_msgs/yolov11_msgs_s__rosidl_typesupport_fastrtps_c.cpython-310-x86_64-linux-gnu.so
[2.692s] -- Symlinking: /home/jaehwan/yolov11/install/yolov11_msgs/local/lib/python3.10/dist-packages/yolov11_msgs/yolov11_msgs_s__rosidl_typesupport_introspection_c.cpython-310-x86_64-linux-gnu.so
[2.697s] -- Up-to-date symlink: /home/jaehwan/yolov11/install/yolov11_msgs/local/lib/python3.10/dist-packages/yolov11_msgs/yolov11_msgs_s__rosidl_typesupport_fastrtps_c.cpython-310-x86_64-linux-gnu.so
[2.697s] -- Up-to-date symlink: /home/jaehwan/yolov11/install/yolov11_msgs/local/lib/python3.10/dist-packages/yolov11_msgs/yolov11_msgs_s__rosidl_typesupport_introspection_c.cpython-310-x86_64-linux-gnu.so
[2.698s] -- Up-to-date symlink: /home/jaehwan/yolov11/install/yolov11_msgs/local/lib/python3.10/dist-packages/yolov11_msgs/yolov11_msgs_s__rosidl_typesupport_c.cpython-310-x86_64-linux-gnu.so
[2.698s] -- Symlinking: /home/jaehwan/yolov11/install/yolov11_msgs/share/yolov11_msgs/msg/Detection.idl
[2.703s] -- Symlinking: /home/jaehwan/yolov11/install/yolov11_msgs/share/yolov11_msgs/msg/Detection.msg
[2.709s] -- Symlinking: /home/jaehwan/yolov11/install/yolov11_msgs/share/ament_index/resource_index/package_run_dependencies/yolov11_msgs
[2.714s] -- Symlinking: /home/jaehwan/yolov11/install/yolov11_msgs/share/ament_index/resource_index/parent_prefix_path/yolov11_msgs
[2.720s] -- Symlinking: /home/jaehwan/yolov11/install/yolov11_msgs/share/yolov11_msgs/environment/ament_prefix_path.sh
[2.725s] -- Symlinking: /home/jaehwan/yolov11/install/yolov11_msgs/share/yolov11_msgs/environment/ament_prefix_path.dsv
[2.731s] -- Symlinking: /home/jaehwan/yolov11/install/yolov11_msgs/share/yolov11_msgs/environment/path.sh
[2.737s] -- Symlinking: /home/jaehwan/yolov11/install/yolov11_msgs/share/yolov11_msgs/environment/path.dsv
[2.743s] -- Symlinking: /home/jaehwan/yolov11/install/yolov11_msgs/share/yolov11_msgs/local_setup.bash
[2.750s] -- Symlinking: /home/jaehwan/yolov11/install/yolov11_msgs/share/yolov11_msgs/local_setup.sh
[2.756s] -- Symlinking: /home/jaehwan/yolov11/install/yolov11_msgs/share/yolov11_msgs/local_setup.zsh
[2.761s] -- Symlinking: /home/jaehwan/yolov11/install/yolov11_msgs/share/yolov11_msgs/local_setup.dsv
[2.767s] -- Symlinking: /home/jaehwan/yolov11/install/yolov11_msgs/share/yolov11_msgs/package.dsv
[2.772s] -- Symlinking: /home/jaehwan/yolov11/install/yolov11_msgs/share/ament_index/resource_index/packages/yolov11_msgs
[2.777s] -- Symlinking: /home/jaehwan/yolov11/install/yolov11_msgs/share/yolov11_msgs/cmake/rosidl_cmake-extras.cmake
[2.783s] -- Symlinking: /home/jaehwan/yolov11/install/yolov11_msgs/share/yolov11_msgs/cmake/ament_cmake_export_dependencies-extras.cmake
[2.788s] -- Symlinking: /home/jaehwan/yolov11/install/yolov11_msgs/share/yolov11_msgs/cmake/ament_cmake_export_include_directories-extras.cmake
[2.793s] -- Symlinking: /home/jaehwan/yolov11/install/yolov11_msgs/share/yolov11_msgs/cmake/ament_cmake_export_libraries-extras.cmake
[2.799s] -- Symlinking: /home/jaehwan/yolov11/install/yolov11_msgs/share/yolov11_msgs/cmake/ament_cmake_export_targets-extras.cmake
[2.804s] -- Symlinking: /home/jaehwan/yolov11/install/yolov11_msgs/share/yolov11_msgs/cmake/rosidl_cmake_export_typesupport_targets-extras.cmake
[2.810s] -- Symlinking: /home/jaehwan/yolov11/install/yolov11_msgs/share/yolov11_msgs/cmake/rosidl_cmake_export_typesupport_libraries-extras.cmake
[2.815s] -- Symlinking: /home/jaehwan/yolov11/install/yolov11_msgs/share/yolov11_msgs/cmake/yolov11_msgsConfig.cmake
[2.821s] -- Symlinking: /home/jaehwan/yolov11/install/yolov11_msgs/share/yolov11_msgs/cmake/yolov11_msgsConfig-version.cmake
[2.826s] -- Symlinking: /home/jaehwan/yolov11/install/yolov11_msgs/share/yolov11_msgs/package.xml
[2.832s] -- Installing: /home/jaehwan/yolov11/install/yolov11_msgs/lib/libyolov11_msgs__rosidl_generator_c.so
[2.832s] -- Set runtime path of "/home/jaehwan/yolov11/install/yolov11_msgs/lib/libyolov11_msgs__rosidl_generator_c.so" to ""
[2.832s] -- Installing: /home/jaehwan/yolov11/install/yolov11_msgs/lib/libyolov11_msgs__rosidl_typesupport_fastrtps_c.so
[2.833s] -- Set runtime path of "/home/jaehwan/yolov11/install/yolov11_msgs/lib/libyolov11_msgs__rosidl_typesupport_fastrtps_c.so" to ""
[2.833s] -- Installing: /home/jaehwan/yolov11/install/yolov11_msgs/lib/libyolov11_msgs__rosidl_typesupport_fastrtps_cpp.so
[2.833s] -- Set runtime path of "/home/jaehwan/yolov11/install/yolov11_msgs/lib/libyolov11_msgs__rosidl_typesupport_fastrtps_cpp.so" to ""
[2.833s] -- Installing: /home/jaehwan/yolov11/install/yolov11_msgs/lib/libyolov11_msgs__rosidl_typesupport_introspection_c.so
[2.833s] -- Set runtime path of "/home/jaehwan/yolov11/install/yolov11_msgs/lib/libyolov11_msgs__rosidl_typesupport_introspection_c.so" to ""
[2.833s] -- Installing: /home/jaehwan/yolov11/install/yolov11_msgs/lib/libyolov11_msgs__rosidl_typesupport_c.so
[2.833s] -- Set runtime path of "/home/jaehwan/yolov11/install/yolov11_msgs/lib/libyolov11_msgs__rosidl_typesupport_c.so" to ""
[2.833s] -- Installing: /home/jaehwan/yolov11/install/yolov11_msgs/lib/libyolov11_msgs__rosidl_typesupport_introspection_cpp.so
[2.833s] -- Set runtime path of "/home/jaehwan/yolov11/install/yolov11_msgs/lib/libyolov11_msgs__rosidl_typesupport_introspection_cpp.so" to ""
[2.833s] -- Installing: /home/jaehwan/yolov11/install/yolov11_msgs/lib/libyolov11_msgs__rosidl_typesupport_cpp.so
[2.833s] -- Set runtime path of "/home/jaehwan/yolov11/install/yolov11_msgs/lib/libyolov11_msgs__rosidl_typesupport_cpp.so" to ""
[2.863s] Listing '/home/jaehwan/yolov11/install/yolov11_msgs/local/lib/python3.10/dist-packages/yolov11_msgs'...
[2.863s] Compiling '/home/jaehwan/yolov11/install/yolov11_msgs/local/lib/python3.10/dist-packages/yolov11_msgs/__init__.py'...
[2.863s] Listing '/home/jaehwan/yolov11/install/yolov11_msgs/local/lib/python3.10/dist-packages/yolov11_msgs/msg'...
[2.863s] Compiling '/home/jaehwan/yolov11/install/yolov11_msgs/local/lib/python3.10/dist-packages/yolov11_msgs/msg/__init__.py'...
[2.863s] Compiling '/home/jaehwan/yolov11/install/yolov11_msgs/local/lib/python3.10/dist-packages/yolov11_msgs/msg/_detection.py'...
[2.866s] -- Installing: /home/jaehwan/yolov11/install/yolov11_msgs/lib/libyolov11_msgs__rosidl_generator_py.so
[2.866s] -- Set runtime path of "/home/jaehwan/yolov11/install/yolov11_msgs/lib/libyolov11_msgs__rosidl_generator_py.so" to ""
[2.866s] -- Installing: /home/jaehwan/yolov11/install/yolov11_msgs/share/yolov11_msgs/cmake/export_yolov11_msgs__rosidl_generator_cExport.cmake
[2.867s] -- Installing: /home/jaehwan/yolov11/install/yolov11_msgs/share/yolov11_msgs/cmake/export_yolov11_msgs__rosidl_generator_cExport-noconfig.cmake
[2.867s] -- Installing: /home/jaehwan/yolov11/install/yolov11_msgs/share/yolov11_msgs/cmake/export_yolov11_msgs__rosidl_typesupport_fastrtps_cExport.cmake
[2.867s] -- Installing: /home/jaehwan/yolov11/install/yolov11_msgs/share/yolov11_msgs/cmake/export_yolov11_msgs__rosidl_typesupport_fastrtps_cExport-noconfig.cmake
[2.867s] -- Installing: /home/jaehwan/yolov11/install/yolov11_msgs/share/yolov11_msgs/cmake/export_yolov11_msgs__rosidl_generator_cppExport.cmake
[2.867s] -- Installing: /home/jaehwan/yolov11/install/yolov11_msgs/share/yolov11_msgs/cmake/export_yolov11_msgs__rosidl_typesupport_fastrtps_cppExport.cmake
[2.867s] -- Installing: /home/jaehwan/yolov11/install/yolov11_msgs/share/yolov11_msgs/cmake/export_yolov11_msgs__rosidl_typesupport_fastrtps_cppExport-noconfig.cmake
[2.867s] -- Installing: /home/jaehwan/yolov11/install/yolov11_msgs/share/yolov11_msgs/cmake/yolov11_msgs__rosidl_typesupport_introspection_cExport.cmake
[2.867s] -- Installing: /home/jaehwan/yolov11/install/yolov11_msgs/share/yolov11_msgs/cmake/yolov11_msgs__rosidl_typesupport_introspection_cExport-noconfig.cmake
[2.867s] -- Installing: /home/jaehwan/yolov11/install/yolov11_msgs/share/yolov11_msgs/cmake/yolov11_msgs__rosidl_typesupport_cExport.cmake
[2.867s] -- Installing: /home/jaehwan/yolov11/install/yolov11_msgs/share/yolov11_msgs/cmake/yolov11_msgs__rosidl_typesupport_cExport-noconfig.cmake
[2.867s] -- Installing: /home/jaehwan/yolov11/install/yolov11_msgs/share/yolov11_msgs/cmake/yolov11_msgs__rosidl_typesupport_introspection_cppExport.cmake
[2.867s] -- Installing: /home/jaehwan/yolov11/install/yolov11_msgs/share/yolov11_msgs/cmake/yolov11_msgs__rosidl_typesupport_introspection_cppExport-noconfig.cmake
[2.867s] -- Installing: /home/jaehwan/yolov11/install/yolov11_msgs/share/yolov11_msgs/cmake/yolov11_msgs__rosidl_typesupport_cppExport.cmake
[2.867s] -- Installing: /home/jaehwan/yolov11/install/yolov11_msgs/share/yolov11_msgs/cmake/yolov11_msgs__rosidl_typesupport_cppExport-noconfig.cmake
[2.868s] -- Installing: /home/jaehwan/yolov11/install/yolov11_msgs/share/yolov11_msgs/cmake/export_yolov11_msgs__rosidl_generator_pyExport.cmake
[2.868s] -- Installing: /home/jaehwan/yolov11/install/yolov11_msgs/share/yolov11_msgs/cmake/export_yolov11_msgs__rosidl_generator_pyExport-noconfig.cmake
[2.869s] Invoked command in '/home/jaehwan/yolov11/build/yolov11_msgs' returned '0': CMAKE_PREFIX_PATH=/opt/ros/humble /usr/bin/cmake --install /home/jaehwan/yolov11/build/yolov11_msgs
