[0.066s] DEBUG:colcon:Command line arguments: ['/usr/bin/colcon', 'build', '--symlink-install']
[0.066s] DEBUG:colcon:Parsed command line arguments: Namespace(log_base=None, log_level=None, verb_name='build', build_base='build', install_base='install', merge_install=False, symlink_install=True, test_result_base=None, continue_on_error=False, executor='parallel', parallel_workers=12, event_handlers=None, ignore_user_meta=False, metas=['./colcon.meta'], base_paths=['.'], packages_ignore=None, packages_ignore_regex=None, paths=None, packages_up_to=None, packages_up_to_regex=None, packages_above=None, packages_above_and_dependencies=None, packages_above_depth=None, packages_select_by_dep=None, packages_skip_by_dep=None, packages_skip_up_to=None, packages_select_build_failed=False, packages_skip_build_finished=False, packages_select_test_failures=False, packages_skip_test_passed=False, packages_select=None, packages_skip=None, packages_select_regex=None, packages_skip_regex=None, packages_start=None, packages_end=None, allow_overriding=[], cmake_args=None, cmake_target=None, cmake_target_skip_unavailable=False, cmake_clean_cache=False, cmake_clean_first=False, cmake_force_configure=False, ament_cmake_args=None, catkin_cmake_args=None, catkin_skip_building_tests=False, verb_parser=<colcon_defaults.argument_parser.defaults.DefaultArgumentsDecorator object at 0x79ab1f651090>, verb_extension=<colcon_core.verb.build.BuildVerb object at 0x79ab1f650bb0>, main=<bound method BuildVerb.main of <colcon_core.verb.build.BuildVerb object at 0x79ab1f650bb0>>)
[0.091s] Level 1:colcon.colcon_core.package_discovery:discover_packages(colcon_meta) check parameters
[0.091s] Level 1:colcon.colcon_core.package_discovery:discover_packages(recursive) check parameters
[0.091s] Level 1:colcon.colcon_core.package_discovery:discover_packages(ignore) check parameters
[0.091s] Level 1:colcon.colcon_core.package_discovery:discover_packages(path) check parameters
[0.091s] Level 1:colcon.colcon_core.package_discovery:discover_packages(colcon_meta) discover
[0.091s] Level 1:colcon.colcon_core.package_discovery:discover_packages(recursive) discover
[0.091s] INFO:colcon.colcon_core.package_discovery:Crawling recursively for packages in '/home/jaehwan/yolov11'
[0.091s] Level 1:colcon.colcon_core.package_identification:_identify(.) by extensions ['ignore', 'ignore_ament_install']
[0.091s] Level 1:colcon.colcon_core.package_identification:_identify(.) by extension 'ignore'
[0.091s] Level 1:colcon.colcon_core.package_identification:_identify(.) by extension 'ignore_ament_install'
[0.091s] Level 1:colcon.colcon_core.package_identification:_identify(.) by extensions ['colcon_pkg']
[0.091s] Level 1:colcon.colcon_core.package_identification:_identify(.) by extension 'colcon_pkg'
[0.091s] Level 1:colcon.colcon_core.package_identification:_identify(.) by extensions ['colcon_meta']
[0.091s] Level 1:colcon.colcon_core.package_identification:_identify(.) by extension 'colcon_meta'
[0.091s] Level 1:colcon.colcon_core.package_identification:_identify(.) by extensions ['ros']
[0.091s] Level 1:colcon.colcon_core.package_identification:_identify(.) by extension 'ros'
[0.101s] Level 1:colcon.colcon_core.package_identification:_identify(.) by extensions ['cmake', 'python']
[0.101s] Level 1:colcon.colcon_core.package_identification:_identify(.) by extension 'cmake'
[0.101s] Level 1:colcon.colcon_core.package_identification:_identify(.) by extension 'python'
[0.101s] Level 1:colcon.colcon_core.package_identification:_identify(.) by extensions ['python_setup_py']
[0.101s] Level 1:colcon.colcon_core.package_identification:_identify(.) by extension 'python_setup_py'
[0.101s] Level 1:colcon.colcon_core.package_identification:_identify(build) by extensions ['ignore', 'ignore_ament_install']
[0.101s] Level 1:colcon.colcon_core.package_identification:_identify(build) by extension 'ignore'
[0.101s] Level 1:colcon.colcon_core.package_identification:_identify(build) ignored
[0.101s] Level 1:colcon.colcon_core.package_identification:_identify(install) by extensions ['ignore', 'ignore_ament_install']
[0.101s] Level 1:colcon.colcon_core.package_identification:_identify(install) by extension 'ignore'
[0.101s] Level 1:colcon.colcon_core.package_identification:_identify(install) ignored
[0.101s] Level 1:colcon.colcon_core.package_identification:_identify(log) by extensions ['ignore', 'ignore_ament_install']
[0.101s] Level 1:colcon.colcon_core.package_identification:_identify(log) by extension 'ignore'
[0.101s] Level 1:colcon.colcon_core.package_identification:_identify(log) ignored
[0.102s] Level 1:colcon.colcon_core.package_identification:_identify(src) by extensions ['ignore', 'ignore_ament_install']
[0.102s] Level 1:colcon.colcon_core.package_identification:_identify(src) by extension 'ignore'
[0.102s] Level 1:colcon.colcon_core.package_identification:_identify(src) by extension 'ignore_ament_install'
[0.102s] Level 1:colcon.colcon_core.package_identification:_identify(src) by extensions ['colcon_pkg']
[0.102s] Level 1:colcon.colcon_core.package_identification:_identify(src) by extension 'colcon_pkg'
[0.102s] Level 1:colcon.colcon_core.package_identification:_identify(src) by extensions ['colcon_meta']
[0.102s] Level 1:colcon.colcon_core.package_identification:_identify(src) by extension 'colcon_meta'
[0.102s] Level 1:colcon.colcon_core.package_identification:_identify(src) by extensions ['ros']
[0.102s] Level 1:colcon.colcon_core.package_identification:_identify(src) by extension 'ros'
[0.102s] Level 1:colcon.colcon_core.package_identification:_identify(src) by extensions ['cmake', 'python']
[0.102s] Level 1:colcon.colcon_core.package_identification:_identify(src) by extension 'cmake'
[0.102s] Level 1:colcon.colcon_core.package_identification:_identify(src) by extension 'python'
[0.102s] Level 1:colcon.colcon_core.package_identification:_identify(src) by extensions ['python_setup_py']
[0.102s] Level 1:colcon.colcon_core.package_identification:_identify(src) by extension 'python_setup_py'
[0.102s] Level 1:colcon.colcon_core.package_identification:_identify(src/yolov11) by extensions ['ignore', 'ignore_ament_install']
[0.102s] Level 1:colcon.colcon_core.package_identification:_identify(src/yolov11) by extension 'ignore'
[0.102s] Level 1:colcon.colcon_core.package_identification:_identify(src/yolov11) by extension 'ignore_ament_install'
[0.102s] Level 1:colcon.colcon_core.package_identification:_identify(src/yolov11) by extensions ['colcon_pkg']
[0.102s] Level 1:colcon.colcon_core.package_identification:_identify(src/yolov11) by extension 'colcon_pkg'
[0.102s] Level 1:colcon.colcon_core.package_identification:_identify(src/yolov11) by extensions ['colcon_meta']
[0.102s] Level 1:colcon.colcon_core.package_identification:_identify(src/yolov11) by extension 'colcon_meta'
[0.102s] Level 1:colcon.colcon_core.package_identification:_identify(src/yolov11) by extensions ['ros']
[0.102s] Level 1:colcon.colcon_core.package_identification:_identify(src/yolov11) by extension 'ros'
[0.104s] DEBUG:colcon.colcon_core.package_identification:Package 'src/yolov11' with type 'ros.ament_python' and name 'yolov11'
[0.104s] Level 1:colcon.colcon_core.package_identification:_identify(src/yolov11_msgs) by extensions ['ignore', 'ignore_ament_install']
[0.104s] Level 1:colcon.colcon_core.package_identification:_identify(src/yolov11_msgs) by extension 'ignore'
[0.104s] Level 1:colcon.colcon_core.package_identification:_identify(src/yolov11_msgs) by extension 'ignore_ament_install'
[0.104s] Level 1:colcon.colcon_core.package_identification:_identify(src/yolov11_msgs) by extensions ['colcon_pkg']
[0.104s] Level 1:colcon.colcon_core.package_identification:_identify(src/yolov11_msgs) by extension 'colcon_pkg'
[0.104s] Level 1:colcon.colcon_core.package_identification:_identify(src/yolov11_msgs) by extensions ['colcon_meta']
[0.104s] Level 1:colcon.colcon_core.package_identification:_identify(src/yolov11_msgs) by extension 'colcon_meta'
[0.104s] Level 1:colcon.colcon_core.package_identification:_identify(src/yolov11_msgs) by extensions ['ros']
[0.104s] Level 1:colcon.colcon_core.package_identification:_identify(src/yolov11_msgs) by extension 'ros'
[0.104s] DEBUG:colcon.colcon_core.package_identification:Package 'src/yolov11_msgs' with type 'ros.ament_cmake' and name 'yolov11_msgs'
[0.105s] Level 1:colcon.colcon_core.package_discovery:discover_packages(recursive) using defaults
[0.105s] Level 1:colcon.colcon_core.package_discovery:discover_packages(ignore) discover
[0.105s] Level 1:colcon.colcon_core.package_discovery:discover_packages(ignore) using defaults
[0.105s] Level 1:colcon.colcon_core.package_discovery:discover_packages(path) discover
[0.105s] Level 1:colcon.colcon_core.package_discovery:discover_packages(path) using defaults
[0.118s] Level 1:colcon.colcon_core.package_discovery:discover_packages(prefix_path) check parameters
[0.118s] Level 1:colcon.colcon_core.package_discovery:discover_packages(prefix_path) discover
[0.119s] DEBUG:colcon.colcon_installed_package_information.package_discovery:Found 294 installed packages in /opt/ros/humble
[0.120s] Level 1:colcon.colcon_core.package_discovery:discover_packages(prefix_path) using defaults
[0.143s] Level 5:colcon.colcon_core.verb:set package 'yolov11_msgs' build argument 'cmake_args' from command line to 'None'
[0.143s] Level 5:colcon.colcon_core.verb:set package 'yolov11_msgs' build argument 'cmake_target' from command line to 'None'
[0.143s] Level 5:colcon.colcon_core.verb:set package 'yolov11_msgs' build argument 'cmake_target_skip_unavailable' from command line to 'False'
[0.143s] Level 5:colcon.colcon_core.verb:set package 'yolov11_msgs' build argument 'cmake_clean_cache' from command line to 'False'
[0.143s] Level 5:colcon.colcon_core.verb:set package 'yolov11_msgs' build argument 'cmake_clean_first' from command line to 'False'
[0.143s] Level 5:colcon.colcon_core.verb:set package 'yolov11_msgs' build argument 'cmake_force_configure' from command line to 'False'
[0.143s] Level 5:colcon.colcon_core.verb:set package 'yolov11_msgs' build argument 'ament_cmake_args' from command line to 'None'
[0.143s] Level 5:colcon.colcon_core.verb:set package 'yolov11_msgs' build argument 'catkin_cmake_args' from command line to 'None'
[0.143s] Level 5:colcon.colcon_core.verb:set package 'yolov11_msgs' build argument 'catkin_skip_building_tests' from command line to 'False'
[0.143s] DEBUG:colcon.colcon_core.verb:Building package 'yolov11_msgs' with the following arguments: {'ament_cmake_args': None, 'build_base': '/home/jaehwan/yolov11/build/yolov11_msgs', 'catkin_cmake_args': None, 'catkin_skip_building_tests': False, 'cmake_args': None, 'cmake_clean_cache': False, 'cmake_clean_first': False, 'cmake_force_configure': False, 'cmake_target': None, 'cmake_target_skip_unavailable': False, 'install_base': '/home/jaehwan/yolov11/install/yolov11_msgs', 'merge_install': False, 'path': '/home/jaehwan/yolov11/src/yolov11_msgs', 'symlink_install': True, 'test_result_base': None}
[0.144s] Level 5:colcon.colcon_core.verb:set package 'yolov11' build argument 'cmake_args' from command line to 'None'
[0.144s] Level 5:colcon.colcon_core.verb:set package 'yolov11' build argument 'cmake_target' from command line to 'None'
[0.144s] Level 5:colcon.colcon_core.verb:set package 'yolov11' build argument 'cmake_target_skip_unavailable' from command line to 'False'
[0.144s] Level 5:colcon.colcon_core.verb:set package 'yolov11' build argument 'cmake_clean_cache' from command line to 'False'
[0.144s] Level 5:colcon.colcon_core.verb:set package 'yolov11' build argument 'cmake_clean_first' from command line to 'False'
[0.144s] Level 5:colcon.colcon_core.verb:set package 'yolov11' build argument 'cmake_force_configure' from command line to 'False'
[0.144s] Level 5:colcon.colcon_core.verb:set package 'yolov11' build argument 'ament_cmake_args' from command line to 'None'
[0.144s] Level 5:colcon.colcon_core.verb:set package 'yolov11' build argument 'catkin_cmake_args' from command line to 'None'
[0.144s] Level 5:colcon.colcon_core.verb:set package 'yolov11' build argument 'catkin_skip_building_tests' from command line to 'False'
[0.144s] DEBUG:colcon.colcon_core.verb:Building package 'yolov11' with the following arguments: {'ament_cmake_args': None, 'build_base': '/home/jaehwan/yolov11/build/yolov11', 'catkin_cmake_args': None, 'catkin_skip_building_tests': False, 'cmake_args': None, 'cmake_clean_cache': False, 'cmake_clean_first': False, 'cmake_force_configure': False, 'cmake_target': None, 'cmake_target_skip_unavailable': False, 'install_base': '/home/jaehwan/yolov11/install/yolov11', 'merge_install': False, 'path': '/home/jaehwan/yolov11/src/yolov11', 'symlink_install': True, 'test_result_base': None}
[0.144s] INFO:colcon.colcon_core.executor:Executing jobs using 'parallel' executor
[0.145s] DEBUG:colcon.colcon_parallel_executor.executor.parallel:run_until_complete
[0.145s] INFO:colcon.colcon_ros.task.ament_cmake.build:Building ROS package in '/home/jaehwan/yolov11/src/yolov11_msgs' with build type 'ament_cmake'
[0.145s] INFO:colcon.colcon_cmake.task.cmake.build:Building CMake package in '/home/jaehwan/yolov11/src/yolov11_msgs'
[0.146s] INFO:colcon.colcon_core.plugin_system:Skipping extension 'colcon_core.shell.bat': Not used on non-Windows systems
[0.146s] INFO:colcon.colcon_core.shell:Skip shell extension 'powershell' for command environment: Not usable outside of PowerShell
[0.146s] DEBUG:colcon.colcon_core.shell:Skip shell extension 'dsv' for command environment
[0.151s] DEBUG:colcon.colcon_core.event_handler.log_command:Invoking command in '/home/jaehwan/yolov11/build/yolov11_msgs': CMAKE_PREFIX_PATH=/opt/ros/humble /usr/bin/cmake /home/jaehwan/yolov11/src/yolov11_msgs -DAMENT_CMAKE_SYMLINK_INSTALL=1 -DCMAKE_INSTALL_PREFIX=/home/jaehwan/yolov11/install/yolov11_msgs
[1.336s] DEBUG:colcon.colcon_core.event_handler.log_command:Invoked command in '/home/jaehwan/yolov11/build/yolov11_msgs' returned '0': CMAKE_PREFIX_PATH=/opt/ros/humble /usr/bin/cmake /home/jaehwan/yolov11/src/yolov11_msgs -DAMENT_CMAKE_SYMLINK_INSTALL=1 -DCMAKE_INSTALL_PREFIX=/home/jaehwan/yolov11/install/yolov11_msgs
[1.338s] DEBUG:colcon.colcon_core.event_handler.log_command:Invoking command in '/home/jaehwan/yolov11/build/yolov11_msgs': CMAKE_PREFIX_PATH=/opt/ros/humble /usr/bin/cmake --build /home/jaehwan/yolov11/build/yolov11_msgs -- -j12 -l12
[2.612s] DEBUG:colcon.colcon_core.event_handler.log_command:Invoked command in '/home/jaehwan/yolov11/build/yolov11_msgs' returned '0': CMAKE_PREFIX_PATH=/opt/ros/humble /usr/bin/cmake --build /home/jaehwan/yolov11/build/yolov11_msgs -- -j12 -l12
[2.619s] DEBUG:colcon.colcon_core.event_handler.log_command:Invoking command in '/home/jaehwan/yolov11/build/yolov11_msgs': CMAKE_PREFIX_PATH=/opt/ros/humble /usr/bin/cmake --install /home/jaehwan/yolov11/build/yolov11_msgs
[3.014s] Level 1:colcon.colcon_core.environment:create_environment_scripts_only(yolov11_msgs)
[3.014s] DEBUG:colcon.colcon_core.event_handler.log_command:Invoked command in '/home/jaehwan/yolov11/build/yolov11_msgs' returned '0': CMAKE_PREFIX_PATH=/opt/ros/humble /usr/bin/cmake --install /home/jaehwan/yolov11/build/yolov11_msgs
[3.016s] Level 1:colcon.colcon_core.environment:checking '/home/jaehwan/yolov11/install/yolov11_msgs' for CMake module files
[3.016s] Level 1:colcon.colcon_core.environment:checking '/home/jaehwan/yolov11/install/yolov11_msgs' for CMake config files
[3.016s] Level 1:colcon.colcon_core.shell:create_environment_hook('yolov11_msgs', 'cmake_prefix_path')
[3.016s] INFO:colcon.colcon_core.shell:Creating environment hook '/home/jaehwan/yolov11/install/yolov11_msgs/share/yolov11_msgs/hook/cmake_prefix_path.ps1'
[3.017s] INFO:colcon.colcon_core.shell:Creating environment descriptor '/home/jaehwan/yolov11/install/yolov11_msgs/share/yolov11_msgs/hook/cmake_prefix_path.dsv'
[3.017s] INFO:colcon.colcon_core.shell:Creating environment hook '/home/jaehwan/yolov11/install/yolov11_msgs/share/yolov11_msgs/hook/cmake_prefix_path.sh'
[3.018s] Level 1:colcon.colcon_core.environment:checking '/home/jaehwan/yolov11/install/yolov11_msgs/lib'
[3.018s] Level 1:colcon.colcon_core.shell:create_environment_hook('yolov11_msgs', 'ld_library_path_lib')
[3.018s] INFO:colcon.colcon_core.shell:Creating environment hook '/home/jaehwan/yolov11/install/yolov11_msgs/share/yolov11_msgs/hook/ld_library_path_lib.ps1'
[3.018s] INFO:colcon.colcon_core.shell:Creating environment descriptor '/home/jaehwan/yolov11/install/yolov11_msgs/share/yolov11_msgs/hook/ld_library_path_lib.dsv'
[3.018s] INFO:colcon.colcon_core.shell:Creating environment hook '/home/jaehwan/yolov11/install/yolov11_msgs/share/yolov11_msgs/hook/ld_library_path_lib.sh'
[3.019s] Level 1:colcon.colcon_core.environment:checking '/home/jaehwan/yolov11/install/yolov11_msgs/bin'
[3.019s] Level 1:colcon.colcon_core.environment:checking '/home/jaehwan/yolov11/install/yolov11_msgs/lib/pkgconfig/yolov11_msgs.pc'
[3.019s] Level 1:colcon.colcon_core.environment:checking '/home/jaehwan/yolov11/install/yolov11_msgs/lib/python3.10/site-packages'
[3.019s] Level 1:colcon.colcon_core.environment:checking '/home/jaehwan/yolov11/install/yolov11_msgs/bin'
[3.019s] INFO:colcon.colcon_core.shell:Creating package script '/home/jaehwan/yolov11/install/yolov11_msgs/share/yolov11_msgs/package.ps1'
[3.020s] INFO:colcon.colcon_core.shell:Creating package descriptor '/home/jaehwan/yolov11/install/yolov11_msgs/share/yolov11_msgs/package.dsv'
[3.020s] INFO:colcon.colcon_core.shell:Creating package script '/home/jaehwan/yolov11/install/yolov11_msgs/share/yolov11_msgs/package.sh'
[3.020s] INFO:colcon.colcon_core.shell:Creating package script '/home/jaehwan/yolov11/install/yolov11_msgs/share/yolov11_msgs/package.bash'
[3.021s] INFO:colcon.colcon_core.shell:Creating package script '/home/jaehwan/yolov11/install/yolov11_msgs/share/yolov11_msgs/package.zsh'
[3.021s] Level 1:colcon.colcon_core.environment:create_file_with_runtime_dependencies(/home/jaehwan/yolov11/install/yolov11_msgs/share/colcon-core/packages/yolov11_msgs)
[3.021s] Level 1:colcon.colcon_core.environment:create_environment_scripts_only(yolov11_msgs)
[3.022s] Level 1:colcon.colcon_core.environment:checking '/home/jaehwan/yolov11/install/yolov11_msgs' for CMake module files
[3.022s] Level 1:colcon.colcon_core.environment:checking '/home/jaehwan/yolov11/install/yolov11_msgs' for CMake config files
[3.022s] Level 1:colcon.colcon_core.shell:create_environment_hook('yolov11_msgs', 'cmake_prefix_path')
[3.022s] INFO:colcon.colcon_core.shell:Creating environment hook '/home/jaehwan/yolov11/install/yolov11_msgs/share/yolov11_msgs/hook/cmake_prefix_path.ps1'
[3.022s] INFO:colcon.colcon_core.shell:Creating environment descriptor '/home/jaehwan/yolov11/install/yolov11_msgs/share/yolov11_msgs/hook/cmake_prefix_path.dsv'
[3.023s] INFO:colcon.colcon_core.shell:Creating environment hook '/home/jaehwan/yolov11/install/yolov11_msgs/share/yolov11_msgs/hook/cmake_prefix_path.sh'
[3.023s] Level 1:colcon.colcon_core.environment:checking '/home/jaehwan/yolov11/install/yolov11_msgs/lib'
[3.023s] Level 1:colcon.colcon_core.shell:create_environment_hook('yolov11_msgs', 'ld_library_path_lib')
[3.023s] INFO:colcon.colcon_core.shell:Creating environment hook '/home/jaehwan/yolov11/install/yolov11_msgs/share/yolov11_msgs/hook/ld_library_path_lib.ps1'
[3.023s] INFO:colcon.colcon_core.shell:Creating environment descriptor '/home/jaehwan/yolov11/install/yolov11_msgs/share/yolov11_msgs/hook/ld_library_path_lib.dsv'
[3.023s] INFO:colcon.colcon_core.shell:Creating environment hook '/home/jaehwan/yolov11/install/yolov11_msgs/share/yolov11_msgs/hook/ld_library_path_lib.sh'
[3.024s] Level 1:colcon.colcon_core.environment:checking '/home/jaehwan/yolov11/install/yolov11_msgs/bin'
[3.024s] Level 1:colcon.colcon_core.environment:checking '/home/jaehwan/yolov11/install/yolov11_msgs/lib/pkgconfig/yolov11_msgs.pc'
[3.024s] Level 1:colcon.colcon_core.environment:checking '/home/jaehwan/yolov11/install/yolov11_msgs/lib/python3.10/site-packages'
[3.024s] Level 1:colcon.colcon_core.environment:checking '/home/jaehwan/yolov11/install/yolov11_msgs/bin'
[3.024s] INFO:colcon.colcon_core.shell:Creating package script '/home/jaehwan/yolov11/install/yolov11_msgs/share/yolov11_msgs/package.ps1'
[3.025s] INFO:colcon.colcon_core.shell:Creating package descriptor '/home/jaehwan/yolov11/install/yolov11_msgs/share/yolov11_msgs/package.dsv'
[3.025s] INFO:colcon.colcon_core.shell:Creating package script '/home/jaehwan/yolov11/install/yolov11_msgs/share/yolov11_msgs/package.sh'
[3.025s] INFO:colcon.colcon_core.shell:Creating package script '/home/jaehwan/yolov11/install/yolov11_msgs/share/yolov11_msgs/package.bash'
[3.025s] INFO:colcon.colcon_core.shell:Creating package script '/home/jaehwan/yolov11/install/yolov11_msgs/share/yolov11_msgs/package.zsh'
[3.026s] Level 1:colcon.colcon_core.environment:create_file_with_runtime_dependencies(/home/jaehwan/yolov11/install/yolov11_msgs/share/colcon-core/packages/yolov11_msgs)
[3.026s] INFO:colcon.colcon_ros.task.ament_python.build:Building ROS package in '/home/jaehwan/yolov11/src/yolov11' with build type 'ament_python'
[3.026s] Level 1:colcon.colcon_core.shell:create_environment_hook('yolov11', 'ament_prefix_path')
[3.026s] INFO:colcon.colcon_core.shell:Creating environment hook '/home/jaehwan/yolov11/install/yolov11/share/yolov11/hook/ament_prefix_path.ps1'
[3.026s] INFO:colcon.colcon_core.shell:Creating environment descriptor '/home/jaehwan/yolov11/install/yolov11/share/yolov11/hook/ament_prefix_path.dsv'
[3.027s] INFO:colcon.colcon_core.shell:Creating environment hook '/home/jaehwan/yolov11/install/yolov11/share/yolov11/hook/ament_prefix_path.sh'
[3.027s] INFO:colcon.colcon_core.shell:Skip shell extension 'powershell' for command environment: Not usable outside of PowerShell
[3.027s] DEBUG:colcon.colcon_core.shell:Skip shell extension 'dsv' for command environment
[3.165s] INFO:colcon.colcon_core.task.python.build:Building Python package in '/home/jaehwan/yolov11/src/yolov11'
[3.166s] INFO:colcon.colcon_core.shell:Skip shell extension 'powershell' for command environment: Not usable outside of PowerShell
[3.166s] DEBUG:colcon.colcon_core.shell:Skip shell extension 'dsv' for command environment
[3.474s] DEBUG:colcon.colcon_core.event_handler.log_command:Invoking command in '/home/jaehwan/yolov11/build/yolov11': AMENT_PREFIX_PATH=/home/jaehwan/yolov11/install/yolov11_msgs:${AMENT_PREFIX_PATH} CMAKE_PREFIX_PATH=/home/jaehwan/yolov11/install/yolov11_msgs LD_LIBRARY_PATH=/home/jaehwan/yolov11/install/yolov11_msgs/lib:/home/jaehwan/ws_offboard_control/build/rohang25:/usr/lib/x86_64-linux-gnu/gazebo-11/plugins:/opt/ros/humble/opt/rviz_ogre_vendor/lib:/opt/ros/humble/lib/x86_64-linux-gnu:/opt/ros/humble/lib:/usr/share/gazebo/../../lib/x86_64-linux-gnu/gazebo-11/plugins PYTHONPATH=/home/jaehwan/yolov11/build/yolov11/prefix_override:/usr/lib/python3/dist-packages/colcon_core/task/python/colcon_distutils_commands:/home/jaehwan/yolov11/install/yolov11/lib/python3.10/site-packages:/home/jaehwan/yolov11/install/yolov11_msgs/local/lib/python3.10/dist-packages:${PYTHONPATH} /usr/bin/python3 -W ignore:setup.py install is deprecated -W ignore:easy_install command is deprecated setup.py develop --editable --build-directory /home/jaehwan/yolov11/build/yolov11/build --no-deps symlink_data
[3.900s] Level 1:colcon.colcon_core.shell:create_environment_hook('yolov11', 'pythonpath_develop')
[3.900s] INFO:colcon.colcon_core.shell:Creating environment hook '/home/jaehwan/yolov11/build/yolov11/share/yolov11/hook/pythonpath_develop.ps1'
[3.900s] DEBUG:colcon.colcon_core.event_handler.log_command:Invoked command in '/home/jaehwan/yolov11/build/yolov11' returned '0': AMENT_PREFIX_PATH=/home/jaehwan/yolov11/install/yolov11_msgs:${AMENT_PREFIX_PATH} CMAKE_PREFIX_PATH=/home/jaehwan/yolov11/install/yolov11_msgs LD_LIBRARY_PATH=/home/jaehwan/yolov11/install/yolov11_msgs/lib:/home/jaehwan/ws_offboard_control/build/rohang25:/usr/lib/x86_64-linux-gnu/gazebo-11/plugins:/opt/ros/humble/opt/rviz_ogre_vendor/lib:/opt/ros/humble/lib/x86_64-linux-gnu:/opt/ros/humble/lib:/usr/share/gazebo/../../lib/x86_64-linux-gnu/gazebo-11/plugins PYTHONPATH=/home/jaehwan/yolov11/build/yolov11/prefix_override:/usr/lib/python3/dist-packages/colcon_core/task/python/colcon_distutils_commands:/home/jaehwan/yolov11/install/yolov11/lib/python3.10/site-packages:/home/jaehwan/yolov11/install/yolov11_msgs/local/lib/python3.10/dist-packages:${PYTHONPATH} /usr/bin/python3 -W ignore:setup.py install is deprecated -W ignore:easy_install command is deprecated setup.py develop --editable --build-directory /home/jaehwan/yolov11/build/yolov11/build --no-deps symlink_data
[3.901s] INFO:colcon.colcon_core.shell:Creating environment descriptor '/home/jaehwan/yolov11/build/yolov11/share/yolov11/hook/pythonpath_develop.dsv'
[3.901s] INFO:colcon.colcon_core.shell:Creating environment hook '/home/jaehwan/yolov11/build/yolov11/share/yolov11/hook/pythonpath_develop.sh'
[3.902s] Level 1:colcon.colcon_core.environment:checking '/home/jaehwan/yolov11/install/yolov11' for CMake module files
[3.902s] Level 1:colcon.colcon_core.environment:checking '/home/jaehwan/yolov11/install/yolov11' for CMake config files
[3.903s] Level 1:colcon.colcon_core.environment:checking '/home/jaehwan/yolov11/install/yolov11/lib'
[3.903s] Level 1:colcon.colcon_core.environment:checking '/home/jaehwan/yolov11/install/yolov11/bin'
[3.903s] Level 1:colcon.colcon_core.environment:checking '/home/jaehwan/yolov11/install/yolov11/lib/pkgconfig/yolov11.pc'
[3.903s] Level 1:colcon.colcon_core.environment:checking '/home/jaehwan/yolov11/install/yolov11/lib/python3.10/site-packages'
[3.903s] Level 1:colcon.colcon_core.shell:create_environment_hook('yolov11', 'pythonpath')
[3.903s] INFO:colcon.colcon_core.shell:Creating environment hook '/home/jaehwan/yolov11/install/yolov11/share/yolov11/hook/pythonpath.ps1'
[3.904s] INFO:colcon.colcon_core.shell:Creating environment descriptor '/home/jaehwan/yolov11/install/yolov11/share/yolov11/hook/pythonpath.dsv'
[3.904s] INFO:colcon.colcon_core.shell:Creating environment hook '/home/jaehwan/yolov11/install/yolov11/share/yolov11/hook/pythonpath.sh'
[3.905s] Level 1:colcon.colcon_core.environment:checking '/home/jaehwan/yolov11/install/yolov11/bin'
[3.905s] Level 1:colcon.colcon_core.environment:create_environment_scripts_only(yolov11)
[3.905s] INFO:colcon.colcon_core.shell:Creating package script '/home/jaehwan/yolov11/install/yolov11/share/yolov11/package.ps1'
[3.905s] INFO:colcon.colcon_core.shell:Creating package descriptor '/home/jaehwan/yolov11/install/yolov11/share/yolov11/package.dsv'
[3.906s] INFO:colcon.colcon_core.shell:Creating package script '/home/jaehwan/yolov11/install/yolov11/share/yolov11/package.sh'
[3.906s] INFO:colcon.colcon_core.shell:Creating package script '/home/jaehwan/yolov11/install/yolov11/share/yolov11/package.bash'
[3.907s] INFO:colcon.colcon_core.shell:Creating package script '/home/jaehwan/yolov11/install/yolov11/share/yolov11/package.zsh'
[3.907s] Level 1:colcon.colcon_core.environment:create_file_with_runtime_dependencies(/home/jaehwan/yolov11/install/yolov11/share/colcon-core/packages/yolov11)
[3.907s] DEBUG:colcon.colcon_parallel_executor.executor.parallel:closing loop
[3.907s] DEBUG:colcon.colcon_parallel_executor.executor.parallel:loop closed
[3.907s] DEBUG:colcon.colcon_parallel_executor.executor.parallel:run_until_complete finished with '0'
[3.908s] DEBUG:colcon.colcon_core.event_reactor:joining thread
[3.911s] INFO:colcon.colcon_core.plugin_system:Skipping extension 'colcon_notification.desktop_notification.terminal_notifier': Not used on non-Darwin systems
[3.911s] INFO:colcon.colcon_core.plugin_system:Skipping extension 'colcon_notification.desktop_notification.win32': Not used on non-Windows systems
[3.911s] INFO:colcon.colcon_notification.desktop_notification:Sending desktop notification using 'notify2'
[3.919s] DEBUG:colcon.colcon_core.event_reactor:joined thread
[3.920s] INFO:colcon.colcon_core.shell:Creating prefix script '/home/jaehwan/yolov11/install/local_setup.ps1'
[3.921s] INFO:colcon.colcon_core.shell:Creating prefix util module '/home/jaehwan/yolov11/install/_local_setup_util_ps1.py'
[3.923s] INFO:colcon.colcon_core.shell:Creating prefix chain script '/home/jaehwan/yolov11/install/setup.ps1'
[3.924s] INFO:colcon.colcon_core.shell:Creating prefix script '/home/jaehwan/yolov11/install/local_setup.sh'
[3.925s] INFO:colcon.colcon_core.shell:Creating prefix util module '/home/jaehwan/yolov11/install/_local_setup_util_sh.py'
[3.925s] INFO:colcon.colcon_core.shell:Creating prefix chain script '/home/jaehwan/yolov11/install/setup.sh'
[3.926s] INFO:colcon.colcon_core.shell:Creating prefix script '/home/jaehwan/yolov11/install/local_setup.bash'
[3.927s] INFO:colcon.colcon_core.shell:Creating prefix chain script '/home/jaehwan/yolov11/install/setup.bash'
[3.928s] INFO:colcon.colcon_core.shell:Creating prefix script '/home/jaehwan/yolov11/install/local_setup.zsh'
[3.928s] INFO:colcon.colcon_core.shell:Creating prefix chain script '/home/jaehwan/yolov11/install/setup.zsh'
