/home/jaehwan/.local/lib/python3.10/site-packages/setuptools/_distutils/dist.py:270: UserWarning: Unknown distribution option: 'tests_require'
  warnings.warn(msg)
running develop
running egg_info
creating yolov11.egg-info
writing yolov11.egg-info/PKG-INFO
writing dependency_links to yolov11.egg-info/dependency_links.txt
writing entry points to yolov11.egg-info/entry_points.txt
writing requirements to yolov11.egg-info/requires.txt
writing top-level names to yolov11.egg-info/top_level.txt
writing manifest file 'yolov11.egg-info/SOURCES.txt'
reading manifest file 'yolov11.egg-info/SOURCES.txt'
writing manifest file 'yolov11.egg-info/SOURCES.txt'
running build_ext
Creating /home/jaehwan/yolov11/install/yolov11/lib/python3.10/site-packages/yolov11.egg-link (link to .)
Installing yolov11_node script to /home/jaehwan/yolov11/install/yolov11/lib/yolov11

Installed /home/jaehwan/yolov11/build/yolov11
running symlink_data
creating /home/jaehwan/yolov11/install/yolov11/share/ament_index/resource_index/packages
symbolically linking /home/jaehwan/yolov11/build/yolov11/resource/yolov11 -> /home/jaehwan/yolov11/install/yolov11/share/ament_index/resource_index/packages
symbolically linking /home/jaehwan/yolov11/build/yolov11/package.xml -> /home/jaehwan/yolov11/install/yolov11/share/yolov11
