[0.076s] DEBUG:colcon:Command line arguments: ['/usr/bin/colcon', 'build', '--symlink-install']
[0.076s] DEBUG:colcon:Parsed command line arguments: Namespace(log_base=None, log_level=None, verb_name='build', build_base='build', install_base='install', merge_install=False, symlink_install=True, test_result_base=None, continue_on_error=False, executor='parallel', parallel_workers=12, event_handlers=None, ignore_user_meta=False, metas=['./colcon.meta'], base_paths=['.'], packages_ignore=None, packages_ignore_regex=None, paths=None, packages_up_to=None, packages_up_to_regex=None, packages_above=None, packages_above_and_dependencies=None, packages_above_depth=None, packages_select_by_dep=None, packages_skip_by_dep=None, packages_skip_up_to=None, packages_select_build_failed=False, packages_skip_build_finished=False, packages_select_test_failures=False, packages_skip_test_passed=False, packages_select=None, packages_skip=None, packages_select_regex=None, packages_skip_regex=None, packages_start=None, packages_end=None, allow_overriding=[], cmake_args=None, cmake_target=None, cmake_target_skip_unavailable=False, cmake_clean_cache=False, cmake_clean_first=False, cmake_force_configure=False, ament_cmake_args=None, catkin_cmake_args=None, catkin_skip_building_tests=False, verb_parser=<colcon_defaults.argument_parser.defaults.DefaultArgumentsDecorator object at 0x70a32943d780>, verb_extension=<colcon_core.verb.build.BuildVerb object at 0x70a32943d2a0>, main=<bound method BuildVerb.main of <colcon_core.verb.build.BuildVerb object at 0x70a32943d2a0>>)
[0.103s] Level 1:colcon.colcon_core.package_discovery:discover_packages(colcon_meta) check parameters
[0.104s] Level 1:colcon.colcon_core.package_discovery:discover_packages(recursive) check parameters
[0.104s] Level 1:colcon.colcon_core.package_discovery:discover_packages(ignore) check parameters
[0.104s] Level 1:colcon.colcon_core.package_discovery:discover_packages(path) check parameters
[0.104s] Level 1:colcon.colcon_core.package_discovery:discover_packages(colcon_meta) discover
[0.104s] Level 1:colcon.colcon_core.package_discovery:discover_packages(recursive) discover
[0.104s] INFO:colcon.colcon_core.package_discovery:Crawling recursively for packages in '/home/jaehwan/yolov11'
[0.104s] Level 1:colcon.colcon_core.package_identification:_identify(.) by extensions ['ignore', 'ignore_ament_install']
[0.104s] Level 1:colcon.colcon_core.package_identification:_identify(.) by extension 'ignore'
[0.104s] Level 1:colcon.colcon_core.package_identification:_identify(.) by extension 'ignore_ament_install'
[0.104s] Level 1:colcon.colcon_core.package_identification:_identify(.) by extensions ['colcon_pkg']
[0.104s] Level 1:colcon.colcon_core.package_identification:_identify(.) by extension 'colcon_pkg'
[0.104s] Level 1:colcon.colcon_core.package_identification:_identify(.) by extensions ['colcon_meta']
[0.104s] Level 1:colcon.colcon_core.package_identification:_identify(.) by extension 'colcon_meta'
[0.104s] Level 1:colcon.colcon_core.package_identification:_identify(.) by extensions ['ros']
[0.104s] Level 1:colcon.colcon_core.package_identification:_identify(.) by extension 'ros'
[0.116s] Level 1:colcon.colcon_core.package_identification:_identify(.) by extensions ['cmake', 'python']
[0.116s] Level 1:colcon.colcon_core.package_identification:_identify(.) by extension 'cmake'
[0.116s] Level 1:colcon.colcon_core.package_identification:_identify(.) by extension 'python'
[0.116s] Level 1:colcon.colcon_core.package_identification:_identify(.) by extensions ['python_setup_py']
[0.116s] Level 1:colcon.colcon_core.package_identification:_identify(.) by extension 'python_setup_py'
[0.116s] Level 1:colcon.colcon_core.package_identification:_identify(build) by extensions ['ignore', 'ignore_ament_install']
[0.116s] Level 1:colcon.colcon_core.package_identification:_identify(build) by extension 'ignore'
[0.116s] Level 1:colcon.colcon_core.package_identification:_identify(build) ignored
[0.116s] Level 1:colcon.colcon_core.package_identification:_identify(install) by extensions ['ignore', 'ignore_ament_install']
[0.116s] Level 1:colcon.colcon_core.package_identification:_identify(install) by extension 'ignore'
[0.116s] Level 1:colcon.colcon_core.package_identification:_identify(install) ignored
[0.116s] Level 1:colcon.colcon_core.package_identification:_identify(log) by extensions ['ignore', 'ignore_ament_install']
[0.116s] Level 1:colcon.colcon_core.package_identification:_identify(log) by extension 'ignore'
[0.117s] Level 1:colcon.colcon_core.package_identification:_identify(log) ignored
[0.117s] Level 1:colcon.colcon_core.package_identification:_identify(src) by extensions ['ignore', 'ignore_ament_install']
[0.117s] Level 1:colcon.colcon_core.package_identification:_identify(src) by extension 'ignore'
[0.117s] Level 1:colcon.colcon_core.package_identification:_identify(src) by extension 'ignore_ament_install'
[0.117s] Level 1:colcon.colcon_core.package_identification:_identify(src) by extensions ['colcon_pkg']
[0.117s] Level 1:colcon.colcon_core.package_identification:_identify(src) by extension 'colcon_pkg'
[0.117s] Level 1:colcon.colcon_core.package_identification:_identify(src) by extensions ['colcon_meta']
[0.117s] Level 1:colcon.colcon_core.package_identification:_identify(src) by extension 'colcon_meta'
[0.117s] Level 1:colcon.colcon_core.package_identification:_identify(src) by extensions ['ros']
[0.117s] Level 1:colcon.colcon_core.package_identification:_identify(src) by extension 'ros'
[0.117s] Level 1:colcon.colcon_core.package_identification:_identify(src) by extensions ['cmake', 'python']
[0.117s] Level 1:colcon.colcon_core.package_identification:_identify(src) by extension 'cmake'
[0.117s] Level 1:colcon.colcon_core.package_identification:_identify(src) by extension 'python'
[0.117s] Level 1:colcon.colcon_core.package_identification:_identify(src) by extensions ['python_setup_py']
[0.117s] Level 1:colcon.colcon_core.package_identification:_identify(src) by extension 'python_setup_py'
[0.117s] Level 1:colcon.colcon_core.package_identification:_identify(src/yolov11) by extensions ['ignore', 'ignore_ament_install']
[0.117s] Level 1:colcon.colcon_core.package_identification:_identify(src/yolov11) by extension 'ignore'
[0.117s] Level 1:colcon.colcon_core.package_identification:_identify(src/yolov11) by extension 'ignore_ament_install'
[0.117s] Level 1:colcon.colcon_core.package_identification:_identify(src/yolov11) by extensions ['colcon_pkg']
[0.117s] Level 1:colcon.colcon_core.package_identification:_identify(src/yolov11) by extension 'colcon_pkg'
[0.117s] Level 1:colcon.colcon_core.package_identification:_identify(src/yolov11) by extensions ['colcon_meta']
[0.117s] Level 1:colcon.colcon_core.package_identification:_identify(src/yolov11) by extension 'colcon_meta'
[0.117s] Level 1:colcon.colcon_core.package_identification:_identify(src/yolov11) by extensions ['ros']
[0.117s] Level 1:colcon.colcon_core.package_identification:_identify(src/yolov11) by extension 'ros'
[0.119s] DEBUG:colcon.colcon_core.package_identification:Package 'src/yolov11' with type 'ros.ament_python' and name 'yolov11'
[0.119s] Level 1:colcon.colcon_core.package_identification:_identify(src/yolov11_msgs) by extensions ['ignore', 'ignore_ament_install']
[0.119s] Level 1:colcon.colcon_core.package_identification:_identify(src/yolov11_msgs) by extension 'ignore'
[0.119s] Level 1:colcon.colcon_core.package_identification:_identify(src/yolov11_msgs) by extension 'ignore_ament_install'
[0.119s] Level 1:colcon.colcon_core.package_identification:_identify(src/yolov11_msgs) by extensions ['colcon_pkg']
[0.119s] Level 1:colcon.colcon_core.package_identification:_identify(src/yolov11_msgs) by extension 'colcon_pkg'
[0.119s] Level 1:colcon.colcon_core.package_identification:_identify(src/yolov11_msgs) by extensions ['colcon_meta']
[0.119s] Level 1:colcon.colcon_core.package_identification:_identify(src/yolov11_msgs) by extension 'colcon_meta'
[0.119s] Level 1:colcon.colcon_core.package_identification:_identify(src/yolov11_msgs) by extensions ['ros']
[0.119s] Level 1:colcon.colcon_core.package_identification:_identify(src/yolov11_msgs) by extension 'ros'
[0.120s] DEBUG:colcon.colcon_core.package_identification:Package 'src/yolov11_msgs' with type 'ros.ament_cmake' and name 'yolov11_msgs'
[0.120s] Level 1:colcon.colcon_core.package_discovery:discover_packages(recursive) using defaults
[0.120s] Level 1:colcon.colcon_core.package_discovery:discover_packages(ignore) discover
[0.120s] Level 1:colcon.colcon_core.package_discovery:discover_packages(ignore) using defaults
[0.120s] Level 1:colcon.colcon_core.package_discovery:discover_packages(path) discover
[0.120s] Level 1:colcon.colcon_core.package_discovery:discover_packages(path) using defaults
[0.135s] Level 1:colcon.colcon_core.package_discovery:discover_packages(prefix_path) check parameters
[0.135s] Level 1:colcon.colcon_core.package_discovery:discover_packages(prefix_path) discover
[0.136s] DEBUG:colcon.colcon_installed_package_information.package_discovery:Found 2 installed packages in /home/jaehwan/yolov11/install
[0.137s] DEBUG:colcon.colcon_installed_package_information.package_discovery:Found 294 installed packages in /opt/ros/humble
[0.138s] Level 1:colcon.colcon_core.package_discovery:discover_packages(prefix_path) using defaults
[0.171s] Level 5:colcon.colcon_core.verb:set package 'yolov11_msgs' build argument 'cmake_args' from command line to 'None'
[0.172s] Level 5:colcon.colcon_core.verb:set package 'yolov11_msgs' build argument 'cmake_target' from command line to 'None'
[0.172s] Level 5:colcon.colcon_core.verb:set package 'yolov11_msgs' build argument 'cmake_target_skip_unavailable' from command line to 'False'
[0.172s] Level 5:colcon.colcon_core.verb:set package 'yolov11_msgs' build argument 'cmake_clean_cache' from command line to 'False'
[0.172s] Level 5:colcon.colcon_core.verb:set package 'yolov11_msgs' build argument 'cmake_clean_first' from command line to 'False'
[0.172s] Level 5:colcon.colcon_core.verb:set package 'yolov11_msgs' build argument 'cmake_force_configure' from command line to 'False'
[0.172s] Level 5:colcon.colcon_core.verb:set package 'yolov11_msgs' build argument 'ament_cmake_args' from command line to 'None'
[0.172s] Level 5:colcon.colcon_core.verb:set package 'yolov11_msgs' build argument 'catkin_cmake_args' from command line to 'None'
[0.172s] Level 5:colcon.colcon_core.verb:set package 'yolov11_msgs' build argument 'catkin_skip_building_tests' from command line to 'False'
[0.172s] DEBUG:colcon.colcon_core.verb:Building package 'yolov11_msgs' with the following arguments: {'ament_cmake_args': None, 'build_base': '/home/jaehwan/yolov11/build/yolov11_msgs', 'catkin_cmake_args': None, 'catkin_skip_building_tests': False, 'cmake_args': None, 'cmake_clean_cache': False, 'cmake_clean_first': False, 'cmake_force_configure': False, 'cmake_target': None, 'cmake_target_skip_unavailable': False, 'install_base': '/home/jaehwan/yolov11/install/yolov11_msgs', 'merge_install': False, 'path': '/home/jaehwan/yolov11/src/yolov11_msgs', 'symlink_install': True, 'test_result_base': None}
[0.172s] Level 5:colcon.colcon_core.verb:set package 'yolov11' build argument 'cmake_args' from command line to 'None'
[0.172s] Level 5:colcon.colcon_core.verb:set package 'yolov11' build argument 'cmake_target' from command line to 'None'
[0.172s] Level 5:colcon.colcon_core.verb:set package 'yolov11' build argument 'cmake_target_skip_unavailable' from command line to 'False'
[0.172s] Level 5:colcon.colcon_core.verb:set package 'yolov11' build argument 'cmake_clean_cache' from command line to 'False'
[0.172s] Level 5:colcon.colcon_core.verb:set package 'yolov11' build argument 'cmake_clean_first' from command line to 'False'
[0.172s] Level 5:colcon.colcon_core.verb:set package 'yolov11' build argument 'cmake_force_configure' from command line to 'False'
[0.172s] Level 5:colcon.colcon_core.verb:set package 'yolov11' build argument 'ament_cmake_args' from command line to 'None'
[0.172s] Level 5:colcon.colcon_core.verb:set package 'yolov11' build argument 'catkin_cmake_args' from command line to 'None'
[0.172s] Level 5:colcon.colcon_core.verb:set package 'yolov11' build argument 'catkin_skip_building_tests' from command line to 'False'
[0.172s] DEBUG:colcon.colcon_core.verb:Building package 'yolov11' with the following arguments: {'ament_cmake_args': None, 'build_base': '/home/jaehwan/yolov11/build/yolov11', 'catkin_cmake_args': None, 'catkin_skip_building_tests': False, 'cmake_args': None, 'cmake_clean_cache': False, 'cmake_clean_first': False, 'cmake_force_configure': False, 'cmake_target': None, 'cmake_target_skip_unavailable': False, 'install_base': '/home/jaehwan/yolov11/install/yolov11', 'merge_install': False, 'path': '/home/jaehwan/yolov11/src/yolov11', 'symlink_install': True, 'test_result_base': None}
[0.173s] INFO:colcon.colcon_core.executor:Executing jobs using 'parallel' executor
[0.174s] DEBUG:colcon.colcon_parallel_executor.executor.parallel:run_until_complete
[0.174s] INFO:colcon.colcon_ros.task.ament_cmake.build:Building ROS package in '/home/jaehwan/yolov11/src/yolov11_msgs' with build type 'ament_cmake'
[0.174s] INFO:colcon.colcon_cmake.task.cmake.build:Building CMake package in '/home/jaehwan/yolov11/src/yolov11_msgs'
[0.175s] INFO:colcon.colcon_core.plugin_system:Skipping extension 'colcon_core.shell.bat': Not used on non-Windows systems
[0.175s] INFO:colcon.colcon_core.shell:Skip shell extension 'powershell' for command environment: Not usable outside of PowerShell
[0.175s] DEBUG:colcon.colcon_core.shell:Skip shell extension 'dsv' for command environment
[0.182s] DEBUG:colcon.colcon_core.event_handler.log_command:Invoking command in '/home/jaehwan/yolov11/build/yolov11_msgs': CMAKE_PREFIX_PATH=${CMAKE_PREFIX_PATH}:/home/jaehwan/yolov11/install/yolov11:/opt/ros/humble /usr/bin/cmake --build /home/jaehwan/yolov11/build/yolov11_msgs -- -j12 -l12
[0.471s] DEBUG:colcon.colcon_core.event_handler.log_command:Invoked command in '/home/jaehwan/yolov11/build/yolov11_msgs' returned '0': CMAKE_PREFIX_PATH=${CMAKE_PREFIX_PATH}:/home/jaehwan/yolov11/install/yolov11:/opt/ros/humble /usr/bin/cmake --build /home/jaehwan/yolov11/build/yolov11_msgs -- -j12 -l12
[0.480s] DEBUG:colcon.colcon_core.event_handler.log_command:Invoking command in '/home/jaehwan/yolov11/build/yolov11_msgs': CMAKE_PREFIX_PATH=${CMAKE_PREFIX_PATH}:/home/jaehwan/yolov11/install/yolov11:/opt/ros/humble /usr/bin/cmake --install /home/jaehwan/yolov11/build/yolov11_msgs
[0.530s] Level 1:colcon.colcon_core.environment:create_environment_scripts_only(yolov11_msgs)
[0.531s] DEBUG:colcon.colcon_core.event_handler.log_command:Invoked command in '/home/jaehwan/yolov11/build/yolov11_msgs' returned '0': CMAKE_PREFIX_PATH=${CMAKE_PREFIX_PATH}:/home/jaehwan/yolov11/install/yolov11:/opt/ros/humble /usr/bin/cmake --install /home/jaehwan/yolov11/build/yolov11_msgs
[0.532s] Level 1:colcon.colcon_core.environment:checking '/home/jaehwan/yolov11/install/yolov11_msgs' for CMake module files
[0.533s] Level 1:colcon.colcon_core.environment:checking '/home/jaehwan/yolov11/install/yolov11_msgs' for CMake config files
[0.533s] Level 1:colcon.colcon_core.shell:create_environment_hook('yolov11_msgs', 'cmake_prefix_path')
[0.533s] INFO:colcon.colcon_core.shell:Creating environment hook '/home/jaehwan/yolov11/install/yolov11_msgs/share/yolov11_msgs/hook/cmake_prefix_path.ps1'
[0.533s] INFO:colcon.colcon_core.shell:Creating environment descriptor '/home/jaehwan/yolov11/install/yolov11_msgs/share/yolov11_msgs/hook/cmake_prefix_path.dsv'
[0.534s] INFO:colcon.colcon_core.shell:Creating environment hook '/home/jaehwan/yolov11/install/yolov11_msgs/share/yolov11_msgs/hook/cmake_prefix_path.sh'
[0.534s] Level 1:colcon.colcon_core.environment:checking '/home/jaehwan/yolov11/install/yolov11_msgs/lib'
[0.534s] Level 1:colcon.colcon_core.shell:create_environment_hook('yolov11_msgs', 'ld_library_path_lib')
[0.534s] INFO:colcon.colcon_core.shell:Creating environment hook '/home/jaehwan/yolov11/install/yolov11_msgs/share/yolov11_msgs/hook/ld_library_path_lib.ps1'
[0.535s] INFO:colcon.colcon_core.shell:Creating environment descriptor '/home/jaehwan/yolov11/install/yolov11_msgs/share/yolov11_msgs/hook/ld_library_path_lib.dsv'
[0.535s] INFO:colcon.colcon_core.shell:Creating environment hook '/home/jaehwan/yolov11/install/yolov11_msgs/share/yolov11_msgs/hook/ld_library_path_lib.sh'
[0.535s] Level 1:colcon.colcon_core.environment:checking '/home/jaehwan/yolov11/install/yolov11_msgs/bin'
[0.535s] Level 1:colcon.colcon_core.environment:checking '/home/jaehwan/yolov11/install/yolov11_msgs/lib/pkgconfig/yolov11_msgs.pc'
[0.535s] Level 1:colcon.colcon_core.environment:checking '/home/jaehwan/yolov11/install/yolov11_msgs/lib/python3.10/site-packages'
[0.536s] Level 1:colcon.colcon_core.environment:checking '/home/jaehwan/yolov11/install/yolov11_msgs/bin'
[0.536s] INFO:colcon.colcon_core.shell:Creating package script '/home/jaehwan/yolov11/install/yolov11_msgs/share/yolov11_msgs/package.ps1'
[0.536s] INFO:colcon.colcon_core.shell:Creating package descriptor '/home/jaehwan/yolov11/install/yolov11_msgs/share/yolov11_msgs/package.dsv'
[0.537s] INFO:colcon.colcon_core.shell:Creating package script '/home/jaehwan/yolov11/install/yolov11_msgs/share/yolov11_msgs/package.sh'
[0.537s] INFO:colcon.colcon_core.shell:Creating package script '/home/jaehwan/yolov11/install/yolov11_msgs/share/yolov11_msgs/package.bash'
[0.537s] INFO:colcon.colcon_core.shell:Creating package script '/home/jaehwan/yolov11/install/yolov11_msgs/share/yolov11_msgs/package.zsh'
[0.538s] Level 1:colcon.colcon_core.environment:create_file_with_runtime_dependencies(/home/jaehwan/yolov11/install/yolov11_msgs/share/colcon-core/packages/yolov11_msgs)
[0.539s] Level 1:colcon.colcon_core.environment:create_environment_scripts_only(yolov11_msgs)
[0.539s] Level 1:colcon.colcon_core.environment:checking '/home/jaehwan/yolov11/install/yolov11_msgs' for CMake module files
[0.539s] Level 1:colcon.colcon_core.environment:checking '/home/jaehwan/yolov11/install/yolov11_msgs' for CMake config files
[0.539s] Level 1:colcon.colcon_core.shell:create_environment_hook('yolov11_msgs', 'cmake_prefix_path')
[0.539s] INFO:colcon.colcon_core.shell:Creating environment hook '/home/jaehwan/yolov11/install/yolov11_msgs/share/yolov11_msgs/hook/cmake_prefix_path.ps1'
[0.540s] INFO:colcon.colcon_core.shell:Creating environment descriptor '/home/jaehwan/yolov11/install/yolov11_msgs/share/yolov11_msgs/hook/cmake_prefix_path.dsv'
[0.540s] INFO:colcon.colcon_core.shell:Creating environment hook '/home/jaehwan/yolov11/install/yolov11_msgs/share/yolov11_msgs/hook/cmake_prefix_path.sh'
[0.541s] Level 1:colcon.colcon_core.environment:checking '/home/jaehwan/yolov11/install/yolov11_msgs/lib'
[0.541s] Level 1:colcon.colcon_core.shell:create_environment_hook('yolov11_msgs', 'ld_library_path_lib')
[0.541s] INFO:colcon.colcon_core.shell:Creating environment hook '/home/jaehwan/yolov11/install/yolov11_msgs/share/yolov11_msgs/hook/ld_library_path_lib.ps1'
[0.541s] INFO:colcon.colcon_core.shell:Creating environment descriptor '/home/jaehwan/yolov11/install/yolov11_msgs/share/yolov11_msgs/hook/ld_library_path_lib.dsv'
[0.541s] INFO:colcon.colcon_core.shell:Creating environment hook '/home/jaehwan/yolov11/install/yolov11_msgs/share/yolov11_msgs/hook/ld_library_path_lib.sh'
[0.542s] Level 1:colcon.colcon_core.environment:checking '/home/jaehwan/yolov11/install/yolov11_msgs/bin'
[0.542s] Level 1:colcon.colcon_core.environment:checking '/home/jaehwan/yolov11/install/yolov11_msgs/lib/pkgconfig/yolov11_msgs.pc'
[0.542s] Level 1:colcon.colcon_core.environment:checking '/home/jaehwan/yolov11/install/yolov11_msgs/lib/python3.10/site-packages'
[0.542s] Level 1:colcon.colcon_core.environment:checking '/home/jaehwan/yolov11/install/yolov11_msgs/bin'
[0.542s] INFO:colcon.colcon_core.shell:Creating package script '/home/jaehwan/yolov11/install/yolov11_msgs/share/yolov11_msgs/package.ps1'
[0.542s] INFO:colcon.colcon_core.shell:Creating package descriptor '/home/jaehwan/yolov11/install/yolov11_msgs/share/yolov11_msgs/package.dsv'
[0.543s] INFO:colcon.colcon_core.shell:Creating package script '/home/jaehwan/yolov11/install/yolov11_msgs/share/yolov11_msgs/package.sh'
[0.543s] INFO:colcon.colcon_core.shell:Creating package script '/home/jaehwan/yolov11/install/yolov11_msgs/share/yolov11_msgs/package.bash'
[0.543s] INFO:colcon.colcon_core.shell:Creating package script '/home/jaehwan/yolov11/install/yolov11_msgs/share/yolov11_msgs/package.zsh'
[0.544s] Level 1:colcon.colcon_core.environment:create_file_with_runtime_dependencies(/home/jaehwan/yolov11/install/yolov11_msgs/share/colcon-core/packages/yolov11_msgs)
[0.544s] INFO:colcon.colcon_ros.task.ament_python.build:Building ROS package in '/home/jaehwan/yolov11/src/yolov11' with build type 'ament_python'
[0.544s] Level 1:colcon.colcon_core.shell:create_environment_hook('yolov11', 'ament_prefix_path')
[0.544s] INFO:colcon.colcon_core.shell:Creating environment hook '/home/jaehwan/yolov11/install/yolov11/share/yolov11/hook/ament_prefix_path.ps1'
[0.544s] INFO:colcon.colcon_core.shell:Creating environment descriptor '/home/jaehwan/yolov11/install/yolov11/share/yolov11/hook/ament_prefix_path.dsv'
[0.545s] INFO:colcon.colcon_core.shell:Creating environment hook '/home/jaehwan/yolov11/install/yolov11/share/yolov11/hook/ament_prefix_path.sh'
[0.545s] INFO:colcon.colcon_core.shell:Skip shell extension 'powershell' for command environment: Not usable outside of PowerShell
[0.545s] DEBUG:colcon.colcon_core.shell:Skip shell extension 'dsv' for command environment
[0.712s] INFO:colcon.colcon_core.task.python.build:Building Python package in '/home/jaehwan/yolov11/src/yolov11'
[0.712s] INFO:colcon.colcon_core.shell:Skip shell extension 'powershell' for command environment: Not usable outside of PowerShell
[0.712s] DEBUG:colcon.colcon_core.shell:Skip shell extension 'dsv' for command environment
[1.066s] DEBUG:colcon.colcon_core.event_handler.log_command:Invoking command in '/home/jaehwan/yolov11/build/yolov11': LD_LIBRARY_PATH=/home/jaehwan/yolov11/install/yolov11_msgs/lib:/home/jaehwan/ws_offboard_control/build/rohang25:/usr/lib/x86_64-linux-gnu/gazebo-11/plugins:/opt/ros/humble/opt/rviz_ogre_vendor/lib:/opt/ros/humble/lib/x86_64-linux-gnu:/opt/ros/humble/lib:/usr/share/gazebo/../../lib/x86_64-linux-gnu/gazebo-11/plugins PYTHONPATH=/home/jaehwan/yolov11/build/yolov11/prefix_override:/usr/lib/python3/dist-packages/colcon_core/task/python/colcon_distutils_commands:/home/jaehwan/yolov11/install/yolov11/lib/python3.10/site-packages:${PYTHONPATH} /usr/bin/python3 -W ignore:setup.py install is deprecated -W ignore:easy_install command is deprecated setup.py develop --editable --build-directory /home/jaehwan/yolov11/build/yolov11/build --no-deps symlink_data
[1.516s] Level 1:colcon.colcon_core.shell:create_environment_hook('yolov11', 'pythonpath_develop')
[1.516s] INFO:colcon.colcon_core.shell:Creating environment hook '/home/jaehwan/yolov11/build/yolov11/share/yolov11/hook/pythonpath_develop.ps1'
[1.516s] DEBUG:colcon.colcon_core.event_handler.log_command:Invoked command in '/home/jaehwan/yolov11/build/yolov11' returned '0': LD_LIBRARY_PATH=/home/jaehwan/yolov11/install/yolov11_msgs/lib:/home/jaehwan/ws_offboard_control/build/rohang25:/usr/lib/x86_64-linux-gnu/gazebo-11/plugins:/opt/ros/humble/opt/rviz_ogre_vendor/lib:/opt/ros/humble/lib/x86_64-linux-gnu:/opt/ros/humble/lib:/usr/share/gazebo/../../lib/x86_64-linux-gnu/gazebo-11/plugins PYTHONPATH=/home/jaehwan/yolov11/build/yolov11/prefix_override:/usr/lib/python3/dist-packages/colcon_core/task/python/colcon_distutils_commands:/home/jaehwan/yolov11/install/yolov11/lib/python3.10/site-packages:${PYTHONPATH} /usr/bin/python3 -W ignore:setup.py install is deprecated -W ignore:easy_install command is deprecated setup.py develop --editable --build-directory /home/jaehwan/yolov11/build/yolov11/build --no-deps symlink_data
[1.517s] INFO:colcon.colcon_core.shell:Creating environment descriptor '/home/jaehwan/yolov11/build/yolov11/share/yolov11/hook/pythonpath_develop.dsv'
[1.517s] INFO:colcon.colcon_core.shell:Creating environment hook '/home/jaehwan/yolov11/build/yolov11/share/yolov11/hook/pythonpath_develop.sh'
[1.517s] Level 1:colcon.colcon_core.environment:checking '/home/jaehwan/yolov11/install/yolov11' for CMake module files
[1.517s] Level 1:colcon.colcon_core.environment:checking '/home/jaehwan/yolov11/install/yolov11' for CMake config files
[1.518s] Level 1:colcon.colcon_core.environment:checking '/home/jaehwan/yolov11/install/yolov11/lib'
[1.518s] Level 1:colcon.colcon_core.environment:checking '/home/jaehwan/yolov11/install/yolov11/bin'
[1.518s] Level 1:colcon.colcon_core.environment:checking '/home/jaehwan/yolov11/install/yolov11/lib/pkgconfig/yolov11.pc'
[1.518s] Level 1:colcon.colcon_core.environment:checking '/home/jaehwan/yolov11/install/yolov11/lib/python3.10/site-packages'
[1.518s] Level 1:colcon.colcon_core.shell:create_environment_hook('yolov11', 'pythonpath')
[1.518s] INFO:colcon.colcon_core.shell:Creating environment hook '/home/jaehwan/yolov11/install/yolov11/share/yolov11/hook/pythonpath.ps1'
[1.518s] INFO:colcon.colcon_core.shell:Creating environment descriptor '/home/jaehwan/yolov11/install/yolov11/share/yolov11/hook/pythonpath.dsv'
[1.519s] INFO:colcon.colcon_core.shell:Creating environment hook '/home/jaehwan/yolov11/install/yolov11/share/yolov11/hook/pythonpath.sh'
[1.519s] Level 1:colcon.colcon_core.environment:checking '/home/jaehwan/yolov11/install/yolov11/bin'
[1.519s] Level 1:colcon.colcon_core.environment:create_environment_scripts_only(yolov11)
[1.519s] INFO:colcon.colcon_core.shell:Creating package script '/home/jaehwan/yolov11/install/yolov11/share/yolov11/package.ps1'
[1.519s] INFO:colcon.colcon_core.shell:Creating package descriptor '/home/jaehwan/yolov11/install/yolov11/share/yolov11/package.dsv'
[1.520s] INFO:colcon.colcon_core.shell:Creating package script '/home/jaehwan/yolov11/install/yolov11/share/yolov11/package.sh'
[1.520s] INFO:colcon.colcon_core.shell:Creating package script '/home/jaehwan/yolov11/install/yolov11/share/yolov11/package.bash'
[1.520s] INFO:colcon.colcon_core.shell:Creating package script '/home/jaehwan/yolov11/install/yolov11/share/yolov11/package.zsh'
[1.520s] Level 1:colcon.colcon_core.environment:create_file_with_runtime_dependencies(/home/jaehwan/yolov11/install/yolov11/share/colcon-core/packages/yolov11)
[1.521s] DEBUG:colcon.colcon_parallel_executor.executor.parallel:closing loop
[1.521s] DEBUG:colcon.colcon_parallel_executor.executor.parallel:loop closed
[1.521s] DEBUG:colcon.colcon_parallel_executor.executor.parallel:run_until_complete finished with '0'
[1.521s] DEBUG:colcon.colcon_core.event_reactor:joining thread
[1.526s] INFO:colcon.colcon_core.plugin_system:Skipping extension 'colcon_notification.desktop_notification.terminal_notifier': Not used on non-Darwin systems
[1.526s] INFO:colcon.colcon_core.plugin_system:Skipping extension 'colcon_notification.desktop_notification.win32': Not used on non-Windows systems
[1.526s] INFO:colcon.colcon_notification.desktop_notification:Sending desktop notification using 'notify2'
[1.535s] DEBUG:colcon.colcon_core.event_reactor:joined thread
[1.535s] INFO:colcon.colcon_core.shell:Creating prefix script '/home/jaehwan/yolov11/install/local_setup.ps1'
[1.536s] INFO:colcon.colcon_core.shell:Creating prefix util module '/home/jaehwan/yolov11/install/_local_setup_util_ps1.py'
[1.536s] INFO:colcon.colcon_core.shell:Creating prefix chain script '/home/jaehwan/yolov11/install/setup.ps1'
[1.537s] INFO:colcon.colcon_core.shell:Creating prefix script '/home/jaehwan/yolov11/install/local_setup.sh'
[1.537s] INFO:colcon.colcon_core.shell:Creating prefix util module '/home/jaehwan/yolov11/install/_local_setup_util_sh.py'
[1.538s] INFO:colcon.colcon_core.shell:Creating prefix chain script '/home/jaehwan/yolov11/install/setup.sh'
[1.539s] INFO:colcon.colcon_core.shell:Creating prefix script '/home/jaehwan/yolov11/install/local_setup.bash'
[1.539s] INFO:colcon.colcon_core.shell:Creating prefix chain script '/home/jaehwan/yolov11/install/setup.bash'
[1.540s] INFO:colcon.colcon_core.shell:Creating prefix script '/home/jaehwan/yolov11/install/local_setup.zsh'
[1.540s] INFO:colcon.colcon_core.shell:Creating prefix chain script '/home/jaehwan/yolov11/install/setup.zsh'
